Tue Jun 11 12:56:34 CEST 2024
;; 1. Based on: run_onco_001
;; 2. Description: Modelling combination effect of Erlotinib and Dactolisib with ATUX
;; x1. Author: My-Luong.Vuong
;; 3. Label: CELLINE_DRUG_ADDITIVE_ADDITIVECONC as ID
;; 4. Author: My-Luong Vuong
$SIZES      LTH=9999 LVR=9999 DIMCNS=9999 DIMTMP=9999 DIMNEW=9999
;        DIMVRB=9999 LIM1=9999 MAXFCN=9999 NO=9999 MAXPTHETA=9999
$PROBLEM    Quantitative drug sensitivity scoring of 2 coumpounds in 2
;           strains
$INPUT      CELLINE ; 2 cell lines: WT,R183W
            DRUG ; Dactolisib,Erlotinib
            ADDITIVE ; ATUX
            ADDITIVECONC ; 0,3,4.5,6 µM
            DAY ; inter-day repeats
            REP ; within-day repeats
            DRUGCONC ;  0.00000,0.00076,0.00229,0.00686,0.02058,0.06173,0.18519,0.55556,1.66667,0.02667,0.08002,0.24005,0.72016,2.16049,6.48148,19.44444,58.33333 
            DV DROP ; ID option 1 --- CELLINE_DRUG_ADDITIVE
            ID ; ID option 2 --- CELLINE_DRUG_ADDITIVE_ADDITIVECONC ; --- Estimate parameters for each value of CELLINE_DRUG_ADDITIVE_ADDITIVECONC=combination of the covariates,with REPEAT in the IOV/RUV and REP in the RUV,or ... define CELLINE_DRUG_ADDITIVE_ADDITIVECONC as ID ...
            DROP ; ID option 3 --- CELLINE_DRUG_ADDITIVE_ADDITIVECONC_DAY ; CELLINE_DRUG_ADDITIVE_ADDITIVECONC_REPEAT --- Estimate parameters for each value of CELLINE_DRUG_ADDITIVE_ADDITIVECONC (GROUPER,previous line)=combination of the covariates,with REPEAT being the IIV and REP in the RUV
            DROP ; CELLINE_NAME
            DROP ; DRUG_NAME
            DROP ; ADDITIVE_NAME
            DROP ; CELLINE_DRUG_ADDITIVE_NAME
$DATA      onco_combine_therapy.csv IGNORE=@
$PRED ;;; 2 CELL LINEs
      	IF(CELLINE .EQ. 1)        TOP_CELLINE = THETA(1)  ;reference --- 1 FIX
      	IF(CELLINE .EQ. 1)     BOTTOM_CELLINE = THETA(2)  ;reference --- 1 FIX
      	IF(CELLINE .EQ. 1)       IC50_CELLINE = THETA(3)  ;reference --- 1 FIX
      	IF(CELLINE .EQ. 1)      GAMMA_CELLINE = THETA(4)  ;reference --- 1 FIX

      	IF(CELLINE .EQ. 2)        TOP_CELLINE = THETA(5)
      	IF(CELLINE .EQ. 2)     BOTTOM_CELLINE = THETA(6)
      	IF(CELLINE .EQ. 2)       IC50_CELLINE = THETA(7)
      	IF(CELLINE .EQ. 2)      GAMMA_CELLINE = THETA(8)

      
      ;;; 2 active drugs
      	IF(DRUG .EQ. 1)    TOP_DRUG = THETA(9) 		;reference --- 1 FIX
      	IF(DRUG .EQ. 1) BOTTOM_DRUG = THETA(10) 	;reference --- 1 FIX
      	IF(DRUG .EQ. 1)   IC50_DRUG = THETA(11) 	;reference --- 1 FIX
      	IF(DRUG .EQ. 1)  GAMMA_DRUG = THETA(12) 	;reference --- 1 FIX

	IF(DRUG .EQ. 2)    TOP_DRUG = THETA(13) 	;reference --- 1 FIX
      	IF(DRUG .EQ. 2) BOTTOM_DRUG = THETA(14) 	;reference --- 1 FIX
      	IF(DRUG .EQ. 2)   IC50_DRUG = THETA(15) 	;reference --- 1 FIX
      	IF(DRUG .EQ. 2)  GAMMA_DRUG = THETA(16) 	;reference --- 1 FIX


      ;;; ADDITIVE ATUX effect
      	IF(ADDITIVECONC .EQ. 0)    TOP_ADDITIVE = THETA(17)	; no ADDITIVE/HAP/SMAP is the same, can be pooled!
      	IF(ADDITIVECONC .EQ. 0) BOTTOM_ADDITIVE = THETA(18)	; no ADDITIVE/HAP/SMAP is the same, can be pooled!
      	IF(ADDITIVECONC .EQ. 0)   IC50_ADDITIVE = THETA(19)	; no ADDITIVE/HAP/SMAP is the same, can be pooled!
      	IF(ADDITIVECONC .EQ. 0)  GAMMA_ADDITIVE = THETA(20)	; no ADDITIVE/HAP/SMAP is the same, can be pooled!

	IF(ADDITIVECONC .EQ. 3)    TOP_ADDITIVE = THETA(21)	
      	IF(ADDITIVECONC .EQ. 3) BOTTOM_ADDITIVE = THETA(22)	
      	IF(ADDITIVECONC .EQ. 3)   IC50_ADDITIVE = THETA(23)	
      	IF(ADDITIVECONC .EQ. 3)  GAMMA_ADDITIVE = THETA(24)

	IF(ADDITIVECONC .EQ. 4.5)    TOP_ADDITIVE = THETA(25)	
      	IF(ADDITIVECONC .EQ. 4.5) BOTTOM_ADDITIVE = THETA(26)	
      	IF(ADDITIVECONC .EQ. 4.5)   IC50_ADDITIVE = THETA(27)	
      	IF(ADDITIVECONC .EQ. 4.5)  GAMMA_ADDITIVE = THETA(28)      

	IF(ADDITIVECONC .EQ. 6)    TOP_ADDITIVE = THETA(29)
      	IF(ADDITIVECONC .EQ. 6)    BOTTOM_ADDITIVE = THETA(30)
      	IF(ADDITIVECONC .EQ. 6)    IC50_ADDITIVE = THETA(31)
      	IF(ADDITIVECONC .EQ. 6)    GAMMA_ADDITIVE = THETA(32)


	;;; inter-day variability
	DAY1=0
	DAY2=0
	DAY3=0
	DAY4=0


	IF(DAY.EQ.1) DAY1=1
	IF(DAY.EQ.2) DAY2=1
	IF(DAY.EQ.3) DAY3=1
	IF(DAY.EQ.4) DAY4=1


	TVTOP    =    TOP_CELLINE *    TOP_DRUG *    TOP_ADDITIVE
 	 TOP    =    TVTOP * EXP(ETA(1)   + DAY1 * ETA(5)  + DAY2 * ETA(6)  + DAY3 * ETA(7) + DAY4 * ETA(8))  

	TVBOTTOM = BOTTOM_CELLINE * BOTTOM_DRUG * BOTTOM_ADDITIVE
  	BOTTOM = TVBOTTOM * EXP(ETA(2)    + DAY1 * ETA(9) + DAY2 * ETA(10) + DAY3 * ETA(11) + DAY4 * ETA(12)) 

	TVIC50   =   IC50_CELLINE *   IC50_DRUG *   IC50_ADDITIVE
  	IC50   =   TVIC50 * EXP(ETA(3)    + DAY1 * ETA(13) + DAY2 * ETA(14) + DAY3 * ETA(15) + DAY4 * ETA(16)) 

	TVGAMMA  =  GAMMA_CELLINE *  GAMMA_DRUG *  GAMMA_ADDITIVE
  	GAMMA  =  TVGAMMA * EXP(ETA(4) + DAY1 * ETA(17) + DAY2 * ETA(18) + DAY3 * ETA(19) + DAY4 * ETA(20)) 

	IMAX = (TOP-BOTTOM)/TOP

	IPRED = BOTTOM + (TOP-BOTTOM) / (1 + (((DRUGCONC) ** GAMMA)/(IC50 ** GAMMA))) + 0.00001

	W = SQRT(IPRED ** 2 * SIGMA(1,1) + SIGMA(2,2))
	Y = IPRED + (IPRED * EPS(1)) + EPS(2)

	IRES = DV - IPRED
	IWRES = IRES / W

$THETA  1 FIX ; reference cell line WT THETA(1)
 1 FIX ; reference cell line WT
 1 FIX ; reference cell line WT_
 1 FIX ; reference cell line WT__
 (0,1.02) ; THETA(5)
 (0,1.19)
 (0,1.17)
 (0,1.03)
 1 FIX ; reference Dactolisib THETA(9)
 1 FIX ; reference Dactolisib
 1 FIX ; reference Dactolisib_
 1 FIX ; reference Dactolisib__
 (0,1.24) ; THETA(13)
 (0,2.34)
 (0,206)
 (0,1.38)
 (0,0.987) ; THETA(17)
 (0,0.0978)
 (0,0.0166)
 (0,1.07)
 (0,0.887) ; THETA(21)
 (0,0.0898)
 (0,0.015)
 (0,0.96)
 (0,0.948) ; THETA(25)
 (0,0.106)
 (0,0.016)
 (0,1.03)
 (0,0.79) ; THETA(29)
 (0,0.11)
 (0,0.0191)
 (0,1)
$OMEGA  0  FIX
 4.27E-07
 0.179
 5.15E-07
	;;; inter-experiment variability
$OMEGA  BLOCK(1)
 0.0388  ; inter-day variability TOP  = intra-experiment variability
$OMEGA  BLOCK(1) SAME
$OMEGA  BLOCK(1) SAME
$OMEGA  BLOCK(1) SAME
$OMEGA  BLOCK(1)
 0.114  ; inter-day variability BOTTOM
$OMEGA  BLOCK(1) SAME
$OMEGA  BLOCK(1) SAME
$OMEGA  BLOCK(1) SAME
$OMEGA  BLOCK(1)
 0.0942  ; inter-day variability IC50
$OMEGA  BLOCK(1) SAME
$OMEGA  BLOCK(1) SAME
$OMEGA  BLOCK(1) SAME
$OMEGA  BLOCK(1)
 5.08E-06  ; inter-day variability GAMMA
$OMEGA  BLOCK(1) SAME
$OMEGA  BLOCK(1) SAME
$OMEGA  BLOCK(1) SAME
$SIGMA  0.0329
 0  FIX
 ;;; residual variability
$COVARIANCE PRINT=E UNCONDITIONAL ;MATRIX=R
$ESTIMATION METHOD=1 INTERACTION MAXEVAL=999999 POSTHOC PRINT=5
            NOABORT SADDLE_RESET=1 ;NSIG=3 SIGL=9
$TABLE      ID CELLINE ADDITIVE ADDITIVECONC DRUG DAY REP DRUGCONC DV
            Y PRED IPRED IRES IWRES CWRES TOP BOTTOM IC50 GAMMA TVTOP
            TVBOTTOM TVIC50 TVGAMMA IMAX ETA(1) ETA(2) ETA(3) ETA(4)
            ONEHEADER NOPRINT FILE=onco_combine_therapy_out_002.csv


NM-TRAN MESSAGES
  
 WARNINGS AND ERRORS (IF ANY) FOR PROBLEM    1
             
 (WARNING  2) NM-TRAN INFERS THAT THE DATA ARE POPULATION.
             
 (WARNING  97) A RANDOM QUANTITY IS RAISED TO A POWER. IF THE RESULT AFFECTS
 THE VALUE OF THE OBJECTIVE FUNCTION, THE USER SHOULD ENSURE THAT THE
 RANDOM QUANTITY IS NEVER 0 WHEN THE POWER IS < 1.
             
 (WARNING  99) A RANDOM QUANTITY IS USED AS A POWER. IF THE RESULT AFFECTS
 THE VALUE OF THE OBJECTIVE FUNCTION, THE USER SHOULD ENSURE THAT THE
 QUANTITY RAISED TO THE POWER IS NOT 0.
             
 (WARNING  13) WITH USER-WRITTEN PRED OR $PRED, NM-TRAN CANNOT APPEND THE
 MDV DATA ITEM.
             
 (WARNING  79) SIGMA IS USED ON THE RIGHT. WITH A SUBSEQUENT RUN, IF AN
 INITIAL ESTIMATE OF A DIAGONAL BLOCK OF SIGMA IS TO BE COMPUTED BY
 NONMEM, THAT BLOCK WILL BE SET TO AN IDENTITY MATRIX DURING THAT
 COMPUTATION. THIS COULD LEAD TO AN ARITHMETIC EXCEPTION.*

 * THE MAXIMUM NUMBER OF WARNINGS OF ONE OR MORE TYPES WAS REACHED.
 IT IS POSSIBLE THAT SOME WARNING MESSAGES WERE SUPPRESSED.

License Registered to: Katholieke Universiteit Leuven
Expiration Date:    14 NOV 2025
Current Date:       11 JUN 2024
Days until program expires : 518
1NONLINEAR MIXED EFFECTS MODEL PROGRAM (NONMEM) VERSION 7.5.0
 ORIGINALLY DEVELOPED BY STUART BEAL, LEWIS SHEINER, AND ALISON BOECKMANN
 CURRENT DEVELOPERS ARE ROBERT BAUER, ICON DEVELOPMENT SOLUTIONS,
 AND ALISON BOECKMANN. IMPLEMENTATION, EFFICIENCY, AND STANDARDIZATION
 PERFORMED BY NOUS INFOSYSTEMS.

 PROBLEM NO.:         1
 Quantitative drug sensitivity scoring of 2 coumpounds in 2
0DATA CHECKOUT RUN:              NO
 DATA SET LOCATED ON UNIT NO.:    2
 THIS UNIT TO BE REWOUND:        NO
 NO. OF DATA RECS IN DATA SET:     1512
 NO. OF DATA ITEMS IN DATA SET:   9
 ID DATA ITEM IS DATA ITEM NO.:   9
 DEP VARIABLE IS DATA ITEM NO.:   8
0LABELS FOR DATA ITEMS:
 CELLINE DRUG ADDITIVE ADDITIVECONC DAY REP DRUGCONC DV ID
0(NONBLANK) LABELS FOR PRED-DEFINED ITEMS:
 TVTOP TOP TVBOTTOM BOTTOM TVIC50 IC50 TVGAMMA GAMMA IMAX IPRED Y IRES IWRES
0FORMAT FOR DATA:
 (3E2.0,E4.0,2E2.0,E21.0,E19.0,E3.0)

 TOT. NO. OF OBS RECS:     1512
 TOT. NO. OF INDIVIDUALS:       16
0LENGTH OF THETA:  32
0DEFAULT THETA BOUNDARY TEST OMITTED:    NO
0OMEGA HAS BLOCK FORM:
  1
  0  2
  0  0  3
  0  0  0  4
  0  0  0  0  5
  0  0  0  0  0  5
  0  0  0  0  0  0  5
  0  0  0  0  0  0  0  5
  0  0  0  0  0  0  0  0  6
  0  0  0  0  0  0  0  0  0  6
  0  0  0  0  0  0  0  0  0  0  6
  0  0  0  0  0  0  0  0  0  0  0  6
  0  0  0  0  0  0  0  0  0  0  0  0  7
  0  0  0  0  0  0  0  0  0  0  0  0  0  7
  0  0  0  0  0  0  0  0  0  0  0  0  0  0  7
  0  0  0  0  0  0  0  0  0  0  0  0  0  0  0  7
  0  0  0  0  0  0  0  0  0  0  0  0  0  0  0  0  8
  0  0  0  0  0  0  0  0  0  0  0  0  0  0  0  0  0  8
  0  0  0  0  0  0  0  0  0  0  0  0  0  0  0  0  0  0  8
  0  0  0  0  0  0  0  0  0  0  0  0  0  0  0  0  0  0  0  8
0DEFAULT OMEGA BOUNDARY TEST OMITTED:    NO
0SIGMA HAS BLOCK FORM:
  1
  0  2
0DEFAULT SIGMA BOUNDARY TEST OMITTED:    NO
0INITIAL ESTIMATE OF THETA:
 LOWER BOUND    INITIAL EST    UPPER BOUND
  0.1000E+01     0.1000E+01     0.1000E+01
  0.1000E+01     0.1000E+01     0.1000E+01
  0.1000E+01     0.1000E+01     0.1000E+01
  0.1000E+01     0.1000E+01     0.1000E+01
  0.0000E+00     0.1020E+01     0.1000E+07
  0.0000E+00     0.1190E+01     0.1000E+07
  0.0000E+00     0.1170E+01     0.1000E+07
  0.0000E+00     0.1030E+01     0.1000E+07
  0.1000E+01     0.1000E+01     0.1000E+01
  0.1000E+01     0.1000E+01     0.1000E+01
  0.1000E+01     0.1000E+01     0.1000E+01
  0.1000E+01     0.1000E+01     0.1000E+01
  0.0000E+00     0.1240E+01     0.1000E+07
  0.0000E+00     0.2340E+01     0.1000E+07
  0.0000E+00     0.2060E+03     0.1000E+07
  0.0000E+00     0.1380E+01     0.1000E+07
  0.0000E+00     0.9870E+00     0.1000E+07
  0.0000E+00     0.9780E-01     0.1000E+07
  0.0000E+00     0.1660E-01     0.1000E+07
  0.0000E+00     0.1070E+01     0.1000E+07
  0.0000E+00     0.8870E+00     0.1000E+07
  0.0000E+00     0.8980E-01     0.1000E+07
  0.0000E+00     0.1500E-01     0.1000E+07
  0.0000E+00     0.9600E+00     0.1000E+07
  0.0000E+00     0.9480E+00     0.1000E+07
  0.0000E+00     0.1060E+00     0.1000E+07
  0.0000E+00     0.1600E-01     0.1000E+07
  0.0000E+00     0.1030E+01     0.1000E+07
  0.0000E+00     0.7900E+00     0.1000E+07
  0.0000E+00     0.1100E+00     0.1000E+07
  0.0000E+00     0.1910E-01     0.1000E+07
  0.0000E+00     0.1000E+01     0.1000E+07
0INITIAL ESTIMATE OF OMEGA:
 BLOCK SET NO.   BLOCK                                                                    FIXED
        1                                                                                  YES
                  0.0000E+00
        2                                                                                   NO
                  0.4270E-06
        3                                                                                   NO
                  0.1790E+00
        4                                                                                   NO
                  0.5150E-06
        5                                                                                   NO
                  0.3880E-01
        6                                                                                   NO
                  0.1140E+00
        7                                                                                   NO
                  0.9420E-01
        8                                                                                   NO
                  0.5080E-05
0INITIAL ESTIMATE OF SIGMA:
 BLOCK SET NO.   BLOCK                                                                    FIXED
        1                                                                                   NO
                  0.3290E-01
        2                                                                                  YES
                  0.0000E+00
0COVARIANCE STEP OMITTED:        NO
 EIGENVLS. PRINTED:             YES
 SPECIAL COMPUTATION:            NO
 COMPRESSED FORMAT:              NO
 GRADIENT METHOD USED:     NOSLOW
 SIGDIGITS ETAHAT (SIGLO):                  -1
 SIGDIGITS GRADIENTS (SIGL):                -1
 EXCLUDE COV FOR FOCE (NOFCOV):              NO
 Cholesky Transposition of R Matrix (CHOLROFF):0
 KNUTHSUMOFF:                                -1
 RESUME COV ANALYSIS (RESUME):               NO
 SIR SAMPLE SIZE (SIRSAMPLE):
 NON-LINEARLY TRANSFORM THETAS DURING COV (THBND): 1
 PRECONDTIONING CYCLES (PRECOND):        0
 PRECONDTIONING TYPES (PRECONDS):        TOS
 FORCED PRECONDTIONING CYCLES (PFCOND):0
 PRECONDTIONING TYPE (PRETYPE):        0
 FORCED POS. DEFINITE SETTING DURING PRECONDITIONING: (FPOSDEF):0
 SIMPLE POS. DEFINITE SETTING: (POSDEF):-1
0TABLES STEP OMITTED:    NO
 NO. OF TABLES:           1
 SEED NUMBER (SEED):    11456
 RANMETHOD:             3U
 MC SAMPLES (ESAMPLE):    300
 WRES SQUARE ROOT TYPE (WRESCHOL): EIGENVALUE
0-- TABLE   1 --
0RECORDS ONLY:    ALL
04 COLUMNS APPENDED:    YES
 PRINTED:                NO
 HEADERS:               ONE
 FILE TO BE FORWARDED:   NO
 FORMAT:                S1PE11.4
 IDFORMAT:
 LFORMAT:
 RFORMAT:
 FIXED_EFFECT_ETAS:
0USER-CHOSEN ITEMS:
 ID CELLINE ADDITIVE ADDITIVECONC DRUG DAY REP DRUGCONC DV Y IPRED IRES IWRES CWRES TOP BOTTOM IC50 GAMMA TVTOP TVBOTTOM
 TVIC50 TVGAMMA IMAX ETA1 ETA2 ETA3 ETA4
0WARNING: THE NUMBER OF PARAMETERS TO BE ESTIMATED
 EXCEEDS THE NUMBER OF INDIVIDUALS WITH DATA.
1


 #TBLN:      1
 #METH: First Order Conditional Estimation with Interaction

 ESTIMATION STEP OMITTED:                 NO
 ANALYSIS TYPE:                           POPULATION
 NUMBER OF SADDLE POINT RESET ITERATIONS:      1
 HESSIAN USED IN SADDLE POINT RESET: VARIABLE METRIC
 GRADIENT METHOD USED:               NOSLOW
 CONDITIONAL ESTIMATES USED:              YES
 CENTERED ETA:                            NO
 EPS-ETA INTERACTION:                     YES
 LAPLACIAN OBJ. FUNC.:                    NO
 NO. OF FUNCT. EVALS. ALLOWED:            999999
 NO. OF SIG. FIGURES REQUIRED:            3
 INTERMEDIATE PRINTOUT:                   YES
 ESTIMATE OUTPUT TO MSF:                  NO
 ABORT WITH PRED EXIT CODE 1:             NO
 IND. OBJ. FUNC. VALUES SORTED:           NO
 NUMERICAL DERIVATIVE
       FILE REQUEST (NUMDER):               NONE
 MAP (ETAHAT) ESTIMATION METHOD (OPTMAP):   0
 ETA HESSIAN EVALUATION METHOD (ETADER):    0
 INITIAL ETA FOR MAP ESTIMATION (MCETA):    0
 SIGDIGITS FOR MAP ESTIMATION (SIGLO):      100
 GRADIENT SIGDIGITS OF
       FIXED EFFECTS PARAMETERS (SIGL):     100
 NOPRIOR SETTING (NOPRIOR):                 0
 NOCOV SETTING (NOCOV):                     OFF
 DERCONT SETTING (DERCONT):                 OFF
 FINAL ETA RE-EVALUATION (FNLETA):          1
 EXCLUDE NON-INFLUENTIAL (NON-INFL.) ETAS
       IN SHRINKAGE (ETASTYPE):             NO
 NON-INFL. ETA CORRECTION (NONINFETA):      0
 RAW OUTPUT FILE (FILE): psn.ext
 EXCLUDE TITLE (NOTITLE):                   NO
 EXCLUDE COLUMN LABELS (NOLABEL):           NO
 FORMAT FOR ADDITIONAL FILES (FORMAT):      S1PE12.5
 PARAMETER ORDER FOR OUTPUTS (ORDER):       TSOL
 KNUTHSUMOFF:                               0
 INCLUDE LNTWOPI:                           NO
 INCLUDE CONSTANT TERM TO PRIOR (PRIORC):   NO
 INCLUDE CONSTANT TERM TO OMEGA (ETA) (OLNTWOPI):NO
 ADDITIONAL CONVERGENCE TEST (CTYPE=4)?:    NO
 EM OR BAYESIAN METHOD USED:                 NONE


 THE FOLLOWING LABELS ARE EQUIVALENT
 PRED=PREDI
 RES=RESI
 WRES=WRESI
 IWRS=IWRESI
 IPRD=IPREDI
 IRS=IRESI

 MONITORING OF SEARCH:


0ITERATION NO.:    0    OBJECTIVE VALUE:  -5398.71714608347        NO. OF FUNC. EVALS.:  27
 CUMULATIVE NO. OF FUNC. EVALS.:       27
 NPARAMETR:  1.0200E+00  1.1900E+00  1.1700E+00  1.0300E+00  1.2400E+00  2.3400E+00  2.0600E+02  1.3800E+00  9.8700E-01  9.7800E-02
             1.6600E-02  1.0700E+00  8.8700E-01  8.9800E-02  1.5000E-02  9.6000E-01  9.4800E-01  1.0600E-01  1.6000E-02  1.0300E+00
             7.9000E-01  1.1000E-01  1.9100E-02  1.0000E+00  4.2700E-07  1.7900E-01  5.1500E-07  3.8800E-02  1.1400E-01  9.4200E-02
             5.0800E-06  3.2900E-02
 PARAMETER:  1.0000E-01  1.0000E-01  1.0000E-01  1.0000E-01  1.0000E-01  1.0000E-01  1.0000E-01  1.0000E-01  1.0000E-01  1.0000E-01
             1.0000E-01  1.0000E-01  1.0000E-01  1.0000E-01  1.0000E-01  1.0000E-01  1.0000E-01  1.0000E-01  1.0000E-01  1.0000E-01
             1.0000E-01  1.0000E-01  1.0000E-01  1.0000E-01  1.0000E-01  1.0000E-01  1.0000E-01  1.0000E-01  1.0000E-01  1.0000E-01
             1.0000E-01  1.0000E-01
 GRADIENT:  -6.4204E-02  2.2417E+00  5.6594E-01 -3.9727E+00  1.1298E+00  2.1820E-02  3.0218E-01  2.9748E+00  7.1883E-01 -8.5606E-03
            -1.7973E+00  3.3298E+00  1.5033E-01  8.2599E-01  5.1005E+00 -1.1601E+00  6.2466E-01 -9.6346E-02  1.1047E+01  1.4738E+00
             2.7674E-01  1.0341E+00  1.9277E+01 -2.6005E+00  9.2707E-05 -4.4741E-03  1.1192E-03  2.7530E-02 -1.6659E-01  5.9704E-02
             1.5573E-03 -5.9421E-01

0ITERATION NO.:    5    OBJECTIVE VALUE:  -5405.63703009025        NO. OF FUNC. EVALS.: 143
 CUMULATIVE NO. OF FUNC. EVALS.:      170
 NPARAMETR:  1.0088E+00  1.2072E+00  1.2383E+00  1.0221E+00  1.2211E+00  2.3705E+00  2.1822E+02  1.3930E+00  9.7476E-01  9.8059E-02
             1.7065E-02  1.0704E+00  8.8551E-01  9.0069E-02  1.3717E-02  9.6032E-01  9.4511E-01  1.0639E-01  1.3183E-02  1.0345E+00
             7.9569E-01  1.1084E-01  1.3669E-02  9.7993E-01  4.2700E-07  1.5201E-01  5.1498E-07  3.8820E-02  1.1493E-01  9.2422E-02
             5.0797E-06  3.2893E-02
 PARAMETER:  8.8926E-02  1.1436E-01  1.5677E-01  9.2266E-02  8.4667E-02  1.1294E-01  1.5762E-01  1.0939E-01  8.7521E-02  1.0264E-01
             1.2764E-01  1.0038E-01  9.8315E-02  1.0299E-01  1.0595E-02  1.0033E-01  9.6951E-02  1.0365E-01 -9.3649E-02  1.0439E-01
             1.0717E-01  1.0756E-01 -2.3454E-01  7.9727E-02  9.9998E-02  1.8284E-02  9.9976E-02  1.0025E-01  1.0405E-01  9.0470E-02
             9.9967E-02  9.9892E-02
 GRADIENT:  -3.0419E+01  1.4199E+01 -3.6978E+00 -2.5009E+01 -2.6894E+01  8.1071E+00 -4.3311E+00  7.4163E-01 -1.5577E+01  3.6634E+00
             1.5172E+00 -3.0686E+00 -9.5085E+00  4.2832E+00  4.5327E+00 -4.4066E+00 -1.0059E+01  2.7925E+00  6.9273E+00  3.2183E+00
            -7.1759E+00  6.7300E+00  1.1372E+01 -1.5084E+01  8.0380E-05  8.8858E+00  1.0425E-03 -6.0591E-01 -4.1627E-01  9.2114E-01
             1.2421E-03 -3.1210E+00

0ITERATION NO.:   10    OBJECTIVE VALUE:  -5421.01614616876        NO. OF FUNC. EVALS.: 144
 CUMULATIVE NO. OF FUNC. EVALS.:      314
 NPARAMETR:  1.0175E+00  1.2258E+00  1.9105E+00  1.0529E+00  1.2090E+00  2.4020E+00  3.3773E+02  1.4256E+00  9.6855E-01  9.8621E-02
             1.2619E-02  1.0442E+00  8.9932E-01  8.9820E-02  8.4579E-03  9.5489E-01  9.6075E-01  1.0672E-01  6.7480E-03  1.0378E+00
             8.2423E-01  1.1074E-01  5.3577E-03  9.2497E-01  4.2699E-07  3.9327E-02  5.1485E-07  3.7560E-02  1.1437E-01  8.4087E-02
             5.0779E-06  3.2806E-02
 PARAMETER:  9.7566E-02  1.2968E-01  5.9036E-01  1.2195E-01  7.4646E-02  1.2615E-01  5.9438E-01  1.3252E-01  8.1135E-02  1.0836E-01
            -1.7420E-01  7.5584E-02  1.1380E-01  1.0022E-01 -4.7295E-01  9.4658E-02  1.1336E-01  1.0681E-01 -7.6334E-01  1.0750E-01
             1.4242E-01  1.0667E-01 -1.1712E+00  2.2009E-02  9.9988E-02 -6.5774E-01  9.9855E-02  8.3759E-02  1.0161E-01  4.3213E-02
             9.9797E-02  9.8567E-02
 GRADIENT:  -2.8014E+00  2.1512E+01  8.8470E-01 -9.2414E-01 -1.5112E+01  1.4946E+01  6.7876E-01  4.8349E+00 -1.9342E+01  9.5129E+00
             1.8282E+01 -1.7670E+01  1.6287E+00  4.9187E+00  4.5275E+00  1.3043E+01  1.9322E-01  2.7978E+00 -8.0518E+00  3.4393E+01
             3.8247E+00  1.0003E+01 -1.9688E+01 -1.1521E+01  7.5865E-05  8.1448E+00  1.1744E-03 -1.6330E+00 -1.5364E+00  7.9088E-01
             1.7659E-03 -1.0597E+01

0ITERATION NO.:   15    OBJECTIVE VALUE:  -5424.39542761665        NO. OF FUNC. EVALS.: 143
 CUMULATIVE NO. OF FUNC. EVALS.:      457
 NPARAMETR:  1.0057E+00  1.2830E+00  1.9059E+00  1.0748E+00  1.1822E+00  2.5296E+00  3.2966E+02  1.4540E+00  9.5853E-01  9.6878E-02
             1.1851E-02  1.0440E+00  9.1909E-01  8.6268E-02  8.2989E-03  9.5376E-01  9.7594E-01  1.0554E-01  7.2926E-03  1.0367E+00
             8.4736E-01  1.0690E-01  5.8328E-03  8.9630E-01  4.2697E-07  1.1858E-02  5.1452E-07  3.8293E-02  1.1748E-01  5.8146E-02
             5.0734E-06  3.2906E-02
 PARAMETER:  8.5918E-02  1.7525E-01  5.8798E-01  1.4260E-01  5.2229E-02  1.7792E-01  5.7019E-01  1.5221E-01  7.0735E-02  9.0527E-02
            -2.3703E-01  7.5407E-02  1.3554E-01  5.9873E-02 -4.9193E-01  9.3482E-02  1.2905E-01  9.5664E-02 -6.8572E-01  1.0648E-01
             1.7009E-01  7.1412E-02 -1.0862E+00 -9.4746E-03  9.9959E-02 -1.2572E+00  9.9530E-02  9.3420E-02  1.1502E-01 -1.4123E-01
             9.9348E-02  1.0010E-01
 GRADIENT:  -9.9017E+00  3.4726E+01  3.0170E+00  7.2790E+00 -3.0757E+01  2.8475E+01 -3.7775E-01  4.0180E+00 -3.5167E+01  1.2245E+01
             1.9001E+01 -1.4880E+01  6.4427E+00  3.3782E+00  1.5012E+00  2.6628E+01  2.8337E+00  8.7652E+00 -2.1170E+00  3.5469E+01
             9.2186E+00  1.3220E+01 -2.1699E+01 -2.0912E+01  5.0475E-05  4.4038E+00  1.2851E-03 -1.1860E+00 -1.6305E+00 -8.2318E+00
             3.3088E-03 -1.2413E+01

0ITERATION NO.:   20    OBJECTIVE VALUE:  -5428.38422509860        NO. OF FUNC. EVALS.: 140
 CUMULATIVE NO. OF FUNC. EVALS.:      597
 NPARAMETR:  9.9854E-01  1.2376E+00  1.9043E+00  1.0846E+00  1.1966E+00  2.4304E+00  3.3474E+02  1.4565E+00  9.5227E-01  1.0078E-01
             1.0288E-02  1.0366E+00  9.1486E-01  9.0445E-02  7.8396E-03  9.4629E-01  9.5348E-01  1.0986E-01  7.4366E-03  1.0330E+00
             8.4421E-01  1.1260E-01  6.7202E-03  8.9029E-01  4.2692E-07  4.3383E-03  5.1385E-07  3.7925E-02  1.1143E-01  7.7889E-02
             5.0635E-06  3.2936E-02
 PARAMETER:  7.8738E-02  1.3923E-01  5.8711E-01  1.5163E-01  6.4360E-02  1.3791E-01  5.8549E-01  1.5397E-01  6.4179E-02  1.2998E-01
            -3.7845E-01  6.8280E-02  1.3092E-01  1.0715E-01 -5.4887E-01  8.5620E-02  1.0577E-01  1.3575E-01 -6.6618E-01  1.0287E-01
             1.6637E-01  1.2336E-01 -9.4457E-01 -1.6207E-02  9.9904E-02 -1.7599E+00  9.8882E-02  8.8590E-02  8.8619E-02  4.9354E-03
             9.8375E-02  1.0055E-01
 GRADIENT:  -2.4972E+01  3.1800E+01 -3.3288E+00  1.2519E+01 -3.1804E+01  2.5145E+01 -1.8631E+00  7.5085E+00 -4.3282E+01  1.2027E+01
            -8.4455E+00 -2.6375E+00  2.1064E+00  5.9063E+00 -8.5935E+00  2.9268E+01 -1.1187E+01  1.1101E+01  2.0911E+00  3.0176E+01
             1.3495E+01  2.0793E+01  3.6556E+00 -4.0282E+01  5.0956E-05  2.2150E+00  1.1685E-03 -2.9592E+00 -5.7982E+00  5.5236E+00
             1.8615E-03 -3.3774E+00

0ITERATION NO.:   25    OBJECTIVE VALUE:  -5432.10854259356        NO. OF FUNC. EVALS.: 142
 CUMULATIVE NO. OF FUNC. EVALS.:      739
 NPARAMETR:  1.0064E+00  1.2640E+00  1.8831E+00  1.0782E+00  1.2099E+00  2.4935E+00  3.3700E+02  1.4424E+00  9.7657E-01  9.2188E-02
             1.0203E-02  1.0317E+00  9.0057E-01  8.6519E-02  8.1013E-03  9.3619E-01  9.5520E-01  1.0289E-01  7.5273E-03  1.0103E+00
             8.2373E-01  1.0144E-01  6.7906E-03  9.1228E-01  4.2686E-07  5.4399E-03  5.1301E-07  3.6321E-02  1.2442E-01  7.5200E-02
             5.0501E-06  3.3010E-02
 PARAMETER:  8.6607E-02  1.6035E-01  5.7593E-01  1.4569E-01  7.5410E-02  1.6352E-01  5.9220E-01  1.4426E-01  8.9380E-02  4.0901E-02
            -3.8676E-01  6.3549E-02  1.1518E-01  6.2776E-02 -5.1603E-01  7.4885E-02  1.0757E-01  7.0227E-02 -6.5405E-01  8.0692E-02
             1.4180E-01  1.9023E-02 -9.3415E-01  8.1955E-03  9.9835E-02 -1.6468E+00  9.8067E-02  6.6984E-02  1.4372E-01 -1.2634E-02
             9.7045E-02  1.0167E-01
 GRADIENT:  -1.3938E+01  1.3121E+01 -1.1448E+00  6.8843E+00 -1.8978E+01  1.1643E+01  2.2028E+00  3.4304E+00 -2.1755E+01 -2.2208E+00
            -9.9529E+00  1.3183E+00 -3.1649E+00  3.2308E+00 -1.2361E+00  1.3331E+01 -6.1138E+00  3.3050E+00  7.1704E+00  8.7075E+00
             4.7996E+00 -4.9933E-01  4.2468E-01 -1.6409E+01  9.0023E-05  2.6853E+00  1.4021E-03 -4.8767E+00  6.3099E+00  3.3862E+00
             2.8718E-03  2.5299E+00

0ITERATION NO.:   30    OBJECTIVE VALUE:  -5435.08682584313        NO. OF FUNC. EVALS.: 145
 CUMULATIVE NO. OF FUNC. EVALS.:      884
 NPARAMETR:  1.0110E+00  1.1875E+00  1.8694E+00  1.0629E+00  1.2333E+00  2.3548E+00  3.2924E+02  1.4150E+00  9.9412E-01  9.7446E-02
             1.0884E-02  1.0497E+00  8.9512E-01  8.9206E-02  8.2217E-03  9.3343E-01  9.5825E-01  1.0681E-01  7.2447E-03  1.0048E+00
             8.0645E-01  1.0951E-01  7.0676E-03  9.5305E-01  4.2669E-07  2.6186E-03  5.1041E-07  3.7747E-02  1.1507E-01  7.0728E-02
             5.0001E-06  3.2951E-02
 PARAMETER:  9.1145E-02  9.7920E-02  5.6863E-01  1.3148E-01  9.4606E-02  1.0632E-01  5.6891E-01  1.2501E-01  1.0719E-01  9.6378E-02
            -3.2210E-01  8.0804E-02  1.0912E-01  9.3363E-02 -5.0128E-01  7.1937E-02  1.1075E-01  1.0760E-01 -6.9232E-01  7.5215E-02
             1.2061E-01  9.5523E-02 -8.9417E-01  5.1912E-02  9.9632E-02 -2.0124E+00  9.5523E-02  8.6242E-02  1.0469E-01 -4.3290E-02
             9.2075E-02  1.0078E-01
 GRADIENT:   1.9312E+00 -1.0063E+00 -1.5631E-01  2.5612E+00  4.4676E+00 -5.3400E-01 -1.3571E-01  4.2153E-01  1.1316E+00 -1.8023E+00
             5.9292E-01  1.1983E+00 -1.2146E+00  9.6898E-02 -2.0203E-01  1.0815E+00  4.7486E-01  3.7280E-01 -9.2092E-01 -6.2483E-02
             1.1583E+00  1.7012E+00 -1.5649E-01  1.3591E+00  1.0108E-04  1.3578E+00  1.3771E-03 -6.5058E-01 -2.1507E-01  1.1733E+00
             2.8495E-03  4.0300E-02

0ITERATION NO.:   35    OBJECTIVE VALUE:  -5435.64854435642        NO. OF FUNC. EVALS.: 146
 CUMULATIVE NO. OF FUNC. EVALS.:     1030
 NPARAMETR:  1.0085E+00  1.1973E+00  1.8851E+00  1.0651E+00  1.2246E+00  2.3505E+00  3.3239E+02  1.4183E+00  9.9850E-01  9.8203E-02
             1.0743E-02  1.0485E+00  9.0220E-01  8.8820E-02  8.1434E-03  9.2867E-01  9.6118E-01  1.0613E-01  7.1999E-03  1.0043E+00
             8.0837E-01  1.0750E-01  7.0066E-03  9.4640E-01  4.2626E-07  5.9090E-04  5.0363E-07  3.7869E-02  1.1535E-01  6.8584E-02
             4.8614E-06  3.2961E-02
 PARAMETER:  8.8686E-02  1.0614E-01  5.7698E-01  1.3355E-01  8.7473E-02  1.0448E-01  5.7843E-01  1.2737E-01  1.1158E-01  1.0411E-01
            -3.3511E-01  7.9721E-02  1.1700E-01  8.9024E-02 -5.1085E-01  6.6822E-02  1.1380E-01  1.0123E-01 -6.9852E-01  7.4701E-02
             1.2298E-01  7.6999E-02 -9.0284E-01  4.4905E-02  9.9136E-02 -2.7567E+00  8.8836E-02  8.7855E-02  1.0588E-01 -5.8683E-02
             7.8010E-02  1.0093E-01
 GRADIENT:   4.2253E-01  1.7641E-01  1.3689E+00 -5.4960E-01 -6.8259E-02 -1.5936E+00  8.4199E-01 -3.2974E-01  1.0159E+00  4.3515E-01
            -9.9179E-02  7.7512E-01  7.4551E-01  3.4002E-01  1.1502E-01 -1.1711E+00 -2.3245E-01 -4.5279E-01 -5.0616E-01  5.2084E-01
            -8.3735E-01 -1.2130E+00 -3.2180E-01 -4.1399E-01  1.0003E-04  3.2080E-01  1.3720E-03 -2.0304E-01 -1.9227E-01  3.6531E-01
             2.8407E-03 -3.9070E-01

0ITERATION NO.:   40    OBJECTIVE VALUE:  -5435.83708992259        NO. OF FUNC. EVALS.: 143
 CUMULATIVE NO. OF FUNC. EVALS.:     1173
 NPARAMETR:  1.0091E+00  1.1950E+00  1.8678E+00  1.0643E+00  1.2258E+00  2.3667E+00  3.2990E+02  1.4200E+00  9.9629E-01  9.7848E-02
             1.0826E-02  1.0484E+00  9.0033E-01  8.8643E-02  8.2125E-03  9.3022E-01  9.6049E-01  1.0620E-01  7.2655E-03  1.0052E+00
             8.0833E-01  1.0800E-01  7.0808E-03  9.4859E-01  4.2370E-07  1.7900E-05  4.6407E-07  3.7951E-02  1.1563E-01  6.7630E-02
             4.0993E-06  3.2967E-02
 PARAMETER:  8.9225E-02  1.0415E-01  5.6776E-01  1.3276E-01  8.8461E-02  1.1135E-01  5.7091E-01  1.2854E-01  1.0937E-01  1.0049E-01
            -3.2744E-01  7.9607E-02  1.1492E-01  8.7028E-02 -5.0240E-01  6.8484E-02  1.1309E-01  1.0184E-01 -6.8945E-01  7.5625E-02
             1.2294E-01  8.1617E-02 -8.9230E-01  4.7217E-02  9.6118E-02 -4.6984E+00  4.7929E-02  8.8936E-02  1.0708E-01 -6.5685E-02
            -7.2473E-03  1.0102E-01
 GRADIENT:  -2.3995E-02  1.0388E-01 -4.3521E-02  1.9050E-03 -3.1925E-02  6.5013E-02 -1.5350E-03 -3.9907E-02  1.6560E-02 -2.5897E-02
            -8.8686E-02  4.9712E-02  3.0318E-03  5.6122E-02  7.8361E-02 -1.5206E-01 -1.8046E-02 -5.4734E-04 -7.9550E-02  9.7872E-02
            -5.1960E-02  8.4070E-02  5.6812E-02 -3.1371E-02  1.0017E-04  0.0000E+00  1.2842E-03  1.6462E-02  5.6658E-02  2.4192E-02
             2.4918E-03 -7.9766E-02

0ITERATION NO.:   45    OBJECTIVE VALUE:  -5435.84200234320        NO. OF FUNC. EVALS.: 337
 CUMULATIVE NO. OF FUNC. EVALS.:     1510
 NPARAMETR:  1.0089E+00  1.1946E+00  1.8678E+00  1.0644E+00  1.2260E+00  2.3653E+00  3.2952E+02  1.4197E+00  9.9746E-01  9.8022E-02
             1.0847E-02  1.0490E+00  9.0136E-01  8.8780E-02  8.2292E-03  9.3092E-01  9.6148E-01  1.0639E-01  7.2888E-03  1.0058E+00
             8.0924E-01  1.0815E-01  7.1021E-03  9.4933E-01  4.2298E-07  1.7900E-05  4.5414E-07  3.7946E-02  1.1551E-01  6.7549E-02
             3.9302E-06  3.2969E-02
 PARAMETER:  8.9019E-02  1.0382E-01  5.6778E-01  1.3286E-01  8.8643E-02  1.1077E-01  5.6977E-01  1.2834E-01  1.1054E-01  1.0227E-01
            -3.2551E-01  8.0133E-02  1.1606E-01  8.8574E-02 -5.0036E-01  6.9240E-02  1.1412E-01  1.0363E-01 -6.8625E-01  7.6256E-02
             1.2407E-01  8.3073E-02 -8.8929E-01  4.8003E-02  9.5273E-02 -4.7387E+00  3.7119E-02  8.8871E-02  1.0658E-01 -6.6281E-02
            -2.8316E-02  1.0104E-01
 GRADIENT:   7.9589E-02 -6.4241E-03  1.4773E-02  2.8295E-04  7.6150E-02 -9.5510E-03  1.2780E-02 -3.7854E-03  4.8963E-02  1.9335E-04
             3.2324E-03  7.7606E-03  2.9891E-02 -1.1608E-03  1.7188E-03  1.1942E-02  2.2859E-02  5.8902E-03  1.5613E-02 -2.5089E-02
             3.1511E-02 -4.6593E-03  1.8638E-03  1.1927E-02  1.0014E-04  0.0000E+00  1.2569E-03  7.1855E-03  7.5471E-03  1.3928E-02
             2.4002E-03  1.3015E-03

0ITERATION NO.:   50    OBJECTIVE VALUE:  -5435.84378021576        NO. OF FUNC. EVALS.: 384
 CUMULATIVE NO. OF FUNC. EVALS.:     1894
 NPARAMETR:  1.0088E+00  1.1946E+00  1.8678E+00  1.0644E+00  1.2259E+00  2.3656E+00  3.2952E+02  1.4198E+00  9.9741E-01  9.8019E-02
             1.0847E-02  1.0489E+00  9.0135E-01  8.8776E-02  8.2292E-03  9.3090E-01  9.6147E-01  1.0638E-01  7.2882E-03  1.0058E+00
             8.0923E-01  1.0815E-01  7.1023E-03  9.4931E-01  3.4864E-07  1.7900E-05  3.9707E-08  3.7943E-02  1.1550E-01  6.7498E-02
             3.5691E-08  3.2969E-02
 PARAMETER:  8.8987E-02  1.0388E-01  5.6777E-01  1.3289E-01  8.8596E-02  1.1087E-01  5.6975E-01  1.2841E-01  1.1049E-01  1.0223E-01
            -3.2547E-01  8.0107E-02  1.1605E-01  8.8526E-02 -5.0036E-01  6.9217E-02  1.1411E-01  1.0356E-01 -6.8633E-01  7.6264E-02
             1.2405E-01  8.3037E-02 -8.8927E-01  4.7976E-02 -1.3676E-03 -8.3767E+00 -1.1813E+00  8.8835E-02  1.0656E-01 -6.6662E-02
            -2.3791E+00  1.0105E-01
 GRADIENT:  -2.0987E-02  5.0926E-03  9.2221E-04  1.1025E-03 -2.2359E-02  6.1953E-03 -2.8468E-03  4.4440E-03 -1.3264E-02  4.3937E-03
             8.3201E-03 -9.5081E-03 -4.9540E-03  1.2504E-03  6.2233E-04  1.2556E-03 -5.8200E-03 -1.2328E-03 -1.1711E-02  1.4079E-02
            -2.9132E-03  1.9793E-03  1.4207E-03 -3.0311E-03  8.2515E-05  0.0000E+00  1.0996E-04  1.7558E-06 -1.3969E-03 -7.9685E-03
             2.1816E-05  8.2377E-03

0ITERATION NO.:   55    OBJECTIVE VALUE:  -5435.84387142910        NO. OF FUNC. EVALS.: 384
 CUMULATIVE NO. OF FUNC. EVALS.:     2278
 NPARAMETR:  1.0088E+00  1.1946E+00  1.8678E+00  1.0644E+00  1.2260E+00  2.3655E+00  3.2952E+02  1.4197E+00  9.9742E-01  9.8018E-02
             1.0847E-02  1.0489E+00  9.0133E-01  8.8776E-02  8.2292E-03  9.3090E-01  9.6146E-01  1.0638E-01  7.2888E-03  1.0058E+00
             8.0921E-01  1.0815E-01  7.1024E-03  9.4932E-01  1.3649E-07  1.7900E-05  5.1500E-11  3.7943E-02  1.1550E-01  6.7524E-02
             5.0800E-10  3.2969E-02
 PARAMETER:  8.9005E-02  1.0385E-01  5.6777E-01  1.3288E-01  8.8621E-02  1.1082E-01  5.6977E-01  1.2838E-01  1.1050E-01  1.0223E-01
            -3.2555E-01  8.0110E-02  1.1603E-01  8.8527E-02 -5.0037E-01  6.9215E-02  1.1410E-01  1.0358E-01 -6.8625E-01  7.6266E-02
             1.2403E-01  8.3051E-02 -8.8925E-01  4.7986E-02 -4.7028E-01 -2.5706E+01 -6.9940E+00  8.8836E-02  1.0654E-01 -6.6472E-02
            -1.3573E+01  1.0104E-01
 GRADIENT:   4.0293E-03 -1.0379E-02 -1.3403E-04  7.6001E-03  6.0106E-03 -8.0767E-03  1.7273E-03  2.3231E-03  3.9667E-03 -4.0025E-03
            -1.2482E-02  7.4170E-03 -2.2859E-03 -4.1596E-03 -1.2587E-03 -1.6077E-03  1.9872E-03 -2.4615E-03  7.6529E-03  3.3169E-04
            -2.9884E-03 -1.6822E-03  7.0952E-03 -2.2595E-03  3.2303E-05  0.0000E+00  0.0000E+00  1.2264E-04 -2.9766E-03  4.6578E-03
             0.0000E+00 -2.4886E-03

0ITERATION NO.:   60    OBJECTIVE VALUE:  -5435.84388842472        NO. OF FUNC. EVALS.: 380
 CUMULATIVE NO. OF FUNC. EVALS.:     2658
 NPARAMETR:  1.0088E+00  1.1946E+00  1.8678E+00  1.0644E+00  1.2260E+00  2.3655E+00  3.2952E+02  1.4197E+00  9.9741E-01  9.8019E-02
             1.0847E-02  1.0489E+00  9.0134E-01  8.8776E-02  8.2293E-03  9.3090E-01  9.6147E-01  1.0638E-01  7.2886E-03  1.0058E+00
             8.0923E-01  1.0815E-01  7.1022E-03  9.4931E-01  1.0586E-09  1.7900E-05  5.1500E-11  3.7943E-02  1.1551E-01  6.7515E-02
             5.0800E-10  3.2969E-02
 PARAMETER:  8.8999E-02  1.0386E-01  5.6777E-01  1.3288E-01  8.8613E-02  1.1084E-01  5.6976E-01  1.2839E-01  1.1050E-01  1.0223E-01
            -3.2550E-01  8.0113E-02  1.1604E-01  8.8533E-02 -5.0035E-01  6.9220E-02  1.1411E-01  1.0357E-01 -6.8628E-01  7.6263E-02
             1.2405E-01  8.3047E-02 -8.8928E-01  4.7983E-02 -2.8999E+00 -1.1538E+02 -3.7072E+01  8.8835E-02  1.0656E-01 -6.6538E-02
            -7.1499E+01  1.0105E-01
 GRADIENT:  -5.7282E-04 -8.2337E-04  6.5837E-04  6.3587E-04 -2.0891E-04 -5.7709E-04 -3.9454E-05  6.3981E-04 -1.9226E-04  2.1781E-04
             9.3729E-05 -7.2880E-04 -8.3880E-05 -3.4708E-04  9.0788E-04 -3.7184E-04 -3.7852E-05 -3.7063E-04 -6.3539E-04  1.7526E-03
            -4.2371E-05  7.9176E-05  6.9108E-04 -3.3384E-04  2.5055E-07  0.0000E+00  0.0000E+00  9.4273E-05 -7.1860E-04  4.6593E-05
             0.0000E+00  8.7182E-04

0ITERATION NO.:   64    OBJECTIVE VALUE:  -5435.84388861160        NO. OF FUNC. EVALS.: 302
 CUMULATIVE NO. OF FUNC. EVALS.:     2960
 NPARAMETR:  1.0088E+00  1.1946E+00  1.8678E+00  1.0644E+00  1.2260E+00  2.3655E+00  3.2952E+02  1.4197E+00  9.9741E-01  9.8018E-02
             1.0847E-02  1.0489E+00  9.0134E-01  8.8776E-02  8.2292E-03  9.3090E-01  9.6146E-01  1.0638E-01  7.2885E-03  1.0058E+00
             8.0923E-01  1.0815E-01  7.1021E-03  9.4931E-01  8.8184E-11  1.7900E-05  5.1500E-11  3.7943E-02  1.1551E-01  6.7514E-02
             5.0800E-10  3.2969E-02
 PARAMETER:  8.8999E-02  1.0387E-01  5.6776E-01  1.3288E-01  8.8612E-02  1.1084E-01  5.6976E-01  1.2839E-01  1.1050E-01  1.0223E-01
            -3.2550E-01  8.0113E-02  1.1604E-01  8.8533E-02 -5.0036E-01  6.9220E-02  1.1411E-01  1.0357E-01 -6.8628E-01  7.6262E-02
             1.2405E-01  8.3045E-02 -8.8928E-01  4.7983E-02 -4.1384E+00 -1.6109E+02 -5.2405E+01  8.8835E-02  1.0656E-01 -6.6537E-02
            -1.0103E+02  1.0105E-01
 GRADIENT:   2.1235E-04 -9.0949E-05  2.0536E-04  1.4487E-04  2.6104E-04 -5.5761E-05  1.6355E-04  5.8995E-05  2.6892E-04  7.4856E-05
            -1.2764E-04  2.2828E-05  9.8133E-05 -5.1978E-05  1.4193E-04 -4.7112E-05  1.4731E-04 -1.4454E-05  2.7377E-04 -1.2628E-05
             3.5457E-05  8.4715E-05  2.4280E-04 -2.6002E-05  1.6626E-06  0.0000E+00  0.0000E+00 -4.8453E-05  1.1219E-05  4.5216E-05
             0.0000E+00 -8.8433E-05
  
0SADDLE POINT RESET

0ITERATION NO.:   65    OBJECTIVE VALUE:  -5412.85837070741        NO. OF FUNC. EVALS.:  27
 CUMULATIVE NO. OF FUNC. EVALS.:     2987
 NPARAMETR:  1.0088E+00  1.1946E+00  1.8678E+00  1.0644E+00  1.2260E+00  2.3655E+00  3.2952E+02  1.4197E+00  9.9741E-01  9.8018E-02
             1.0847E-02  1.0489E+00  9.0134E-01  8.8776E-02  8.2292E-03  9.3090E-01  9.6147E-01  1.0638E-01  7.2886E-03  1.0058E+00
             8.0923E-01  1.0815E-01  7.1022E-03  9.4931E-01  8.8917E-11  1.7900E-01  5.1500E-07  3.7943E-02  1.1551E-01  6.7515E-02
             5.0800E-06  3.2969E-02
 PARAMETER:  8.8999E-02  1.0387E-01  5.6776E-01  1.3288E-01  8.8612E-02  1.1084E-01  5.6976E-01  1.2839E-01  1.1050E-01  1.0223E-01
            -3.2550E-01  8.0113E-02  1.1604E-01  8.8533E-02 -5.0036E-01  6.9220E-02  1.1411E-01  1.0357E-01 -6.8628E-01  7.6262E-02
             1.2405E-01  8.3045E-02 -8.8928E-01  4.7983E-02 -4.1384E+00  1.0000E-01  1.0000E-01  8.8835E-02  1.0656E-01 -6.6537E-02
             1.0000E-01  1.0105E-01
 GRADIENT:   5.9323E-01  1.1826E+00  7.9221E-01  1.0385E+01  1.0797E+00  6.5446E-01  9.1112E-01  3.5886E+00  6.3155E-01  1.0689E+00
            -2.1919E-01  6.0170E+00  1.5067E+00  1.7490E-01  5.5640E-01 -2.4897E+00  3.3890E-01  8.9089E-01 -1.6934E-01  9.4977E+00
             1.8123E+00 -7.0171E-01  1.6402E+00 -7.3582E+00  2.1285E-08  2.4460E+01  1.1912E-03 -1.6380E+00  2.2158E-01 -8.2798E+00
             2.4416E-03 -5.8028E-01

0ITERATION NO.:   70    OBJECTIVE VALUE:  -5423.47089531985        NO. OF FUNC. EVALS.: 142
 CUMULATIVE NO. OF FUNC. EVALS.:     3129
 NPARAMETR:  1.0345E+00  1.1951E+00  1.8419E+00  1.0256E+00  1.2594E+00  2.3862E+00  3.2528E+02  1.3684E+00  9.9627E-01  9.5937E-02
             1.0922E-02  1.0737E+00  8.9846E-01  9.0415E-02  8.1615E-03  9.3098E-01  9.6099E-01  1.0439E-01  7.3035E-03  1.0432E+00
             8.0066E-01  1.1312E-01  6.8671E-03  9.4766E-01  8.8917E-11  4.4325E-02  5.1496E-07  4.0149E-02  1.1423E-01  9.9119E-02
             5.0793E-06  3.3188E-02
 PARAMETER:  1.1415E-01  1.0428E-01  5.5379E-01  9.5706E-02  1.1550E-01  1.1955E-01  5.5680E-01  9.1548E-02  1.0934E-01  8.0772E-02
            -3.1858E-01  1.0342E-01  1.1283E-01  1.0683E-01 -5.0863E-01  6.9303E-02  1.1361E-01  8.4657E-02 -6.8423E-01  1.1275E-01
             1.1341E-01  1.2795E-01 -9.2295E-01  4.6241E-02 -4.1384E+00 -5.9792E-01  9.9965E-02  1.1709E-01  1.0102E-01  1.2545E-01
             9.9931E-02  1.0436E-01
 GRADIENT:   3.7985E+01  1.3595E+01 -1.1156E+00 -2.4901E+01  3.8288E+01  1.3455E+01 -2.2432E+00 -1.5710E+01  1.5777E+01 -1.5578E+00
            -1.1650E+00  7.9516E+00  1.2050E+01  9.4055E+00  3.4403E-01 -2.3021E+01  1.6982E+01 -3.0566E+00 -2.4490E+00  2.2554E+01
             7.1483E+00  1.4103E+01  3.6229E-02 -2.4906E+01  1.3532E-08  1.2844E+01  8.1265E-04  3.1488E+00 -2.7630E+00  8.4465E+00
             2.2947E-04  2.5955E+01

0ITERATION NO.:   75    OBJECTIVE VALUE:  -5433.23472951425        NO. OF FUNC. EVALS.: 143
 CUMULATIVE NO. OF FUNC. EVALS.:     3272
 NPARAMETR:  1.0082E+00  1.1885E+00  1.8445E+00  1.0491E+00  1.2131E+00  2.3414E+00  3.2466E+02  1.4408E+00  1.0113E+00  9.9104E-02
             1.0578E-02  1.0509E+00  9.0368E-01  8.8391E-02  8.1747E-03  9.3271E-01  9.8008E-01  1.0700E-01  7.1310E-03  9.9852E-01
             8.1246E-01  1.0605E-01  7.0959E-03  9.6291E-01  8.8917E-11  5.0314E-03  5.1487E-07  3.6791E-02  1.1681E-01  5.5426E-02
             5.0780E-06  3.3037E-02
 PARAMETER:  8.8392E-02  9.8710E-02  5.5520E-01  1.1840E-01  7.8093E-02  1.0060E-01  5.5491E-01  1.4313E-01  1.2429E-01  1.1324E-01
            -3.5061E-01  8.1993E-02  1.1863E-01  8.4184E-02 -5.0700E-01  7.1166E-02  1.3328E-01  1.0935E-01 -7.0814E-01  6.8961E-02
             1.2804E-01  6.3422E-02 -8.9017E-01  6.2206E-02 -4.1384E+00 -1.6858E+00  9.9878E-02  7.3423E-02  1.1217E-01 -1.6519E-01
             9.9803E-02  1.0207E-01
 GRADIENT:   4.2931E+00 -4.7123E+00 -1.0696E+01 -8.3409E+00 -3.6546E-01 -9.2163E+00 -1.4097E+01  1.2019E+01  5.7800E+00  1.1030E-01
            -8.9205E+00  3.9510E+00 -1.4764E+00 -2.8075E+00 -3.2935E+00  1.7483E+00  8.6360E+00  1.5103E-01 -5.0722E+00 -4.9013E+00
             7.0358E-01 -7.2760E+00 -3.6917E+00  9.7630E+00  2.0594E-08  2.5600E+00  1.3516E-03 -3.5295E+00  2.0966E-01 -7.3838E+00
             3.6648E-03  1.3910E-01

0ITERATION NO.:   80    OBJECTIVE VALUE:  -5433.57281475501        NO. OF FUNC. EVALS.: 144
 CUMULATIVE NO. OF FUNC. EVALS.:     3416
 NPARAMETR:  1.0157E+00  1.2032E+00  1.8621E+00  1.0537E+00  1.2240E+00  2.3949E+00  3.2815E+02  1.4419E+00  9.9527E-01  9.6464E-02
             1.0796E-02  1.0488E+00  8.9832E-01  8.7485E-02  8.1722E-03  9.3085E-01  9.6040E-01  1.0477E-01  7.2176E-03  9.9880E-01
             8.0794E-01  1.0657E-01  7.1246E-03  9.6776E-01  8.8917E-11  4.5287E-03  5.1478E-07  3.8715E-02  1.1634E-01  5.0690E-02
             5.0759E-06  3.3063E-02
 PARAMETER:  9.5797E-02  1.1104E-01  5.6470E-01  1.2273E-01  8.7034E-02  1.2317E-01  5.6559E-01  1.4391E-01  1.0835E-01  8.6246E-02
            -3.3020E-01  8.0011E-02  1.1269E-01  7.3886E-02 -5.0731E-01  6.9170E-02  1.1300E-01  8.8336E-02 -6.9607E-01  6.9239E-02
             1.2246E-01  6.8351E-02 -8.8614E-01  6.7232E-02 -4.1384E+00 -1.7385E+00  9.9783E-02  9.8902E-02  1.1017E-01 -2.0984E-01
             9.9600E-02  1.0247E-01
 GRADIENT:   5.7736E+00 -8.3853E-01 -1.4695E+00 -8.2688E+00  1.9328E+00 -2.6811E+00 -4.2775E+00  8.0856E+00  9.2327E-01 -1.9377E+00
            -1.9755E+00  3.2432E-01 -8.9287E-03 -1.4131E+00 -1.1599E+00  2.8838E-01  7.3297E-01 -9.6947E-01 -1.0821E+00 -6.5410E+00
             3.1225E+00 -3.0340E+00 -2.1147E+00  1.2140E+01  2.0622E-08  2.3935E+00  1.3834E-03  1.5516E+00  8.7018E-02 -9.5803E+00
             3.9775E-03 -4.4692E-01

0ITERATION NO.:   85    OBJECTIVE VALUE:  -5434.88057788385        NO. OF FUNC. EVALS.: 142
 CUMULATIVE NO. OF FUNC. EVALS.:     3558
 NPARAMETR:  1.0073E+00  1.1992E+00  1.8648E+00  1.0678E+00  1.2231E+00  2.3683E+00  3.2891E+02  1.4217E+00  9.9894E-01  9.8197E-02
             1.0889E-02  1.0477E+00  9.0045E-01  8.8458E-02  8.2536E-03  9.2917E-01  9.6123E-01  1.0641E-01  7.3185E-03  1.0065E+00
             8.0800E-01  1.0739E-01  7.1220E-03  9.4366E-01  8.8917E-11  3.4235E-03  5.1310E-07  3.7518E-02  1.1560E-01  6.7015E-02
             5.0396E-06  3.2988E-02
 PARAMETER:  8.7507E-02  1.0774E-01  5.6617E-01  1.3603E-01  8.6258E-02  1.1200E-01  5.6790E-01  1.2975E-01  1.1202E-01  1.0406E-01
            -3.2162E-01  7.8901E-02  1.1505E-01  8.4940E-02 -4.9740E-01  6.7357E-02  1.1386E-01  1.0384E-01 -6.8219E-01  7.6910E-02
             1.2253E-01  7.5959E-02 -8.8650E-01  4.2008E-02 -4.1384E+00 -1.8784E+00  9.8153E-02  8.3206E-02  1.0696E-01 -7.0255E-02
             9.6006E-02  1.0133E-01
 GRADIENT:  -2.1602E+00  1.2529E+00  7.1376E-01  2.6184E+00 -2.6005E+00  6.8052E-01  8.8814E-01  6.7116E-02  7.9654E-01  1.1659E+00
             5.8654E-01  3.2744E-01 -8.5497E-01 -1.0100E-02  8.0895E-01 -9.2168E-01 -3.2990E-01  7.0298E-01  3.3077E-01  2.8587E+00
            -1.5262E+00 -3.9294E-01  1.6159E+00 -4.0007E+00  2.1110E-08  1.8213E+00  1.4124E-03 -1.2422E+00  7.2334E-02 -6.0273E-01
             3.0247E-03  1.1677E+00

0ITERATION NO.:   90    OBJECTIVE VALUE:  -5435.28978967581        NO. OF FUNC. EVALS.: 144
 CUMULATIVE NO. OF FUNC. EVALS.:     3702
 NPARAMETR:  1.0074E+00  1.1976E+00  1.8765E+00  1.0677E+00  1.2249E+00  2.3624E+00  3.3275E+02  1.4199E+00  9.9739E-01  9.7648E-02
             1.0734E-02  1.0448E+00  9.0182E-01  8.8795E-02  8.1578E-03  9.2906E-01  9.6013E-01  1.0665E-01  7.2422E-03  1.0057E+00
             8.0999E-01  1.0815E-01  7.0346E-03  9.4505E-01  8.8917E-11  1.9307E-03  5.1026E-07  3.8050E-02  1.1546E-01  6.9516E-02
             4.9789E-06  3.2951E-02
 PARAMETER:  8.7572E-02  1.0637E-01  5.7243E-01  1.3595E-01  8.7774E-02  1.0954E-01  5.7952E-01  1.2847E-01  1.1048E-01  9.8448E-02
            -3.3596E-01  7.6181E-02  1.1657E-01  8.8747E-02 -5.0908E-01  6.7241E-02  1.1271E-01  1.0607E-01 -6.9267E-01  7.6094E-02
             1.2499E-01  8.3029E-02 -8.9885E-01  4.3486E-02 -4.1384E+00 -2.1647E+00  9.5381E-02  9.0239E-02  1.0638E-01 -5.1934E-02
             8.9949E-02  1.0078E-01
 GRADIENT:  -1.0142E+00  1.3547E+00  2.1473E-01  2.9273E+00 -3.9621E-01  7.5808E-01  1.7348E+00 -6.5662E-01 -3.5096E-01 -1.1863E-01
            -6.3847E-01 -3.8973E-01  3.6105E-01  5.0075E-01 -2.0464E-02  6.5882E-02 -9.1736E-01  9.7469E-01 -4.6194E-02  2.3888E+00
             4.4655E-01  6.8181E-01  6.8337E-01 -1.7768E+00  2.1072E-08  1.0328E+00  1.4064E-03  2.0115E-01  4.3487E-02  7.7672E-01
             2.9030E-03 -6.5906E-01

0ITERATION NO.:   95    OBJECTIVE VALUE:  -5435.65009755855        NO. OF FUNC. EVALS.: 145
 CUMULATIVE NO. OF FUNC. EVALS.:     3847
 NPARAMETR:  1.0086E+00  1.1914E+00  1.8661E+00  1.0640E+00  1.2244E+00  2.3716E+00  3.3037E+02  1.4209E+00  9.9683E-01  9.7972E-02
             1.0841E-02  1.0485E+00  9.0003E-01  8.8884E-02  8.2521E-03  9.3137E-01  9.6228E-01  1.0609E-01  7.2375E-03  1.0041E+00
             8.0992E-01  1.0819E-01  7.0755E-03  9.4873E-01  8.8917E-11  6.4253E-04  5.0302E-07  3.8359E-02  1.1366E-01  6.7854E-02
             4.8273E-06  3.2959E-02
 PARAMETER:  8.8786E-02  1.0121E-01  5.6683E-01  1.3252E-01  8.7376E-02  1.1340E-01  5.7234E-01  1.2922E-01  1.0991E-01  1.0175E-01
            -3.2605E-01  7.9706E-02  1.1459E-01  8.9746E-02 -4.9758E-01  6.9721E-02  1.1495E-01  1.0086E-01 -6.9332E-01  7.4499E-02
             1.2490E-01  8.3416E-02 -8.9306E-01  4.7364E-02 -4.1384E+00 -2.7149E+00  8.8227E-02  9.4283E-02  9.8486E-02 -6.4028E-02
             7.4486E-02  1.0090E-01
 GRADIENT:   7.5931E-02 -3.0952E-01 -8.6108E-02  2.5240E-01 -2.6475E-01  7.0587E-01  5.8484E-01  2.9274E-04 -2.7576E-02  1.3971E-01
             2.5253E-01  5.5844E-02 -3.5243E-01  4.5813E-01  1.0858E+00 -1.8871E-01  5.0013E-01 -3.4168E-01 -8.4102E-01  1.3969E-01
             8.5746E-01  2.9733E-01  1.0496E-01 -1.0183E-01  2.0592E-08  3.4873E-01  1.3830E-03  1.0162E+00 -1.6089E+00  1.9538E-02
             2.8810E-03 -4.9490E-01

0ITERATION NO.:  100    OBJECTIVE VALUE:  -5435.81216546804        NO. OF FUNC. EVALS.: 146
 CUMULATIVE NO. OF FUNC. EVALS.:     3993
 NPARAMETR:  1.0090E+00  1.1942E+00  1.8690E+00  1.0644E+00  1.2259E+00  2.3693E+00  3.2975E+02  1.4210E+00  9.9653E-01  9.7710E-02
             1.0816E-02  1.0476E+00  9.0067E-01  8.8544E-02  8.1963E-03  9.2979E-01  9.6010E-01  1.0625E-01  7.2858E-03  1.0055E+00
             8.0796E-01  1.0801E-01  7.0795E-03  9.4865E-01  8.8917E-11  9.4789E-05  4.8516E-07  3.7617E-02  1.1523E-01  6.7382E-02
             4.4688E-06  3.2973E-02
 PARAMETER:  8.9198E-02  1.0353E-01  5.6838E-01  1.3289E-01  8.8525E-02  1.1246E-01  5.7046E-01  1.2929E-01  1.0961E-01  9.9080E-02
            -3.2836E-01  7.8883E-02  1.1529E-01  8.5915E-02 -5.0437E-01  6.8030E-02  1.1268E-01  1.0238E-01 -6.8667E-01  7.5924E-02
             1.2248E-01  8.1764E-02 -8.9249E-01  4.7280E-02 -4.1384E+00 -3.6717E+00  7.0153E-02  8.4523E-02  1.0535E-01 -6.7518E-02
             3.5906E-02  1.0110E-01
 GRADIENT:  -7.5519E-02 -1.9302E-01  9.6691E-02 -4.0145E-02 -2.4441E-02  8.8978E-02 -1.3748E-01  2.1739E-01  1.1790E-01 -2.8359E-01
            -2.4271E-01 -1.6568E-01  1.7163E-01 -1.8915E-01 -3.1386E-01  1.1970E-02 -1.1754E-01  1.5067E-01  5.3890E-01 -5.7559E-02
            -3.6219E-01  1.1024E-01  2.1412E-02  4.7998E-02  2.0940E-08  5.1947E-02  1.3432E-03 -8.3496E-01 -2.8253E-01 -1.1670E-01
             2.7161E-03  1.5158E-01

0ITERATION NO.:  105    OBJECTIVE VALUE:  -5435.83723733524        NO. OF FUNC. EVALS.: 142
 CUMULATIVE NO. OF FUNC. EVALS.:     4135
 NPARAMETR:  1.0091E+00  1.1947E+00  1.8681E+00  1.0643E+00  1.2258E+00  2.3666E+00  3.2990E+02  1.4200E+00  9.9624E-01  9.7870E-02
             1.0829E-02  1.0484E+00  9.0033E-01  8.8641E-02  8.2100E-03  9.3029E-01  9.6050E-01  1.0621E-01  7.2674E-03  1.0052E+00
             8.0842E-01  1.0797E-01  7.0783E-03  9.4853E-01  8.8917E-11  1.7900E-05  4.5904E-07  3.7943E-02  1.1556E-01  6.7591E-02
             3.9835E-06  3.2968E-02
 PARAMETER:  8.9217E-02  1.0391E-01  5.6789E-01  1.3275E-01  8.8472E-02  1.1131E-01  5.7090E-01  1.2859E-01  1.0932E-01  1.0072E-01
            -3.2715E-01  7.9622E-02  1.1492E-01  8.7009E-02 -5.0270E-01  6.8567E-02  1.1310E-01  1.0194E-01 -6.8919E-01  7.5582E-02
             1.2304E-01  8.1404E-02 -8.9265E-01  4.7154E-02 -4.1384E+00 -4.5973E+00  4.2488E-02  8.8833E-02  1.0678E-01 -6.5972E-02
            -2.1575E-02  1.0104E-01
 GRADIENT:   2.4824E-03 -3.6646E-03  3.3038E-03 -2.5113E-03 -5.3260E-05  4.9587E-03  4.2039E-03 -9.5716E-05 -1.1079E-03 -4.8483E-04
             9.8681E-04 -2.9103E-03 -1.1709E-03  4.9013E-04 -7.7115E-04  7.2789E-04  7.6567E-04  4.3892E-04  4.0061E-03 -1.3948E-03
             3.0447E-03  2.5057E-03  3.0108E-04 -6.5662E-04  2.1015E-08  0.0000E+00  1.2701E-03 -1.0606E-03 -4.5032E-03 -2.2034E-04
             2.4228E-03 -2.1631E-03

0ITERATION NO.:  110    OBJECTIVE VALUE:  -5435.83898997550        NO. OF FUNC. EVALS.: 147
 CUMULATIVE NO. OF FUNC. EVALS.:     4282
 NPARAMETR:  1.0091E+00  1.1944E+00  1.8680E+00  1.0643E+00  1.2258E+00  2.3668E+00  3.2995E+02  1.4200E+00  9.9619E-01  9.7883E-02
             1.0830E-02  1.0484E+00  9.0028E-01  8.8656E-02  8.2101E-03  9.3034E-01  9.6051E-01  1.0621E-01  7.2667E-03  1.0051E+00
             8.0849E-01  1.0799E-01  7.0777E-03  9.4853E-01  8.8914E-11  1.7900E-05  6.7773E-08  3.7963E-02  1.1553E-01  6.7612E-02
             1.0350E-07  3.2968E-02
 PARAMETER:  8.9255E-02  1.0371E-01  5.6788E-01  1.3272E-01  8.8456E-02  1.1138E-01  5.7106E-01  1.2859E-01  1.0926E-01  1.0085E-01
            -3.2712E-01  7.9641E-02  1.1486E-01  8.7183E-02 -5.0268E-01  6.8621E-02  1.1311E-01  1.0194E-01 -6.8929E-01  7.5572E-02
             1.2313E-01  8.1561E-02 -8.9275E-01  4.7155E-02 -4.1384E+00 -7.1172E+00 -9.1400E-01  8.9093E-02  1.0666E-01 -6.5820E-02
            -1.8467E+00  1.0103E-01
 GRADIENT:   3.3410E-02 -2.1273E-02  1.8244E-02 -1.6401E-02  3.4718E-03  4.4591E-02  5.6096E-02 -2.0251E-02 -2.9721E-02  1.6140E-02
             2.4448E-02 -1.3358E-02 -3.0349E-02  2.1890E-02  1.2322E-02  1.1170E-02  1.0734E-02 -1.2784E-02 -2.7599E-04 -5.8484E-03
             6.8968E-02  2.4137E-02  2.2490E-03 -7.0093E-03  2.1013E-08  0.0000E+00  1.8753E-04  4.9213E-02 -2.8763E-02  1.1543E-02
             6.2908E-05 -4.7368E-02

0ITERATION NO.:  115    OBJECTIVE VALUE:  -5435.83906220012        NO. OF FUNC. EVALS.: 142
 CUMULATIVE NO. OF FUNC. EVALS.:     4424
 NPARAMETR:  1.0091E+00  1.1947E+00  1.8680E+00  1.0643E+00  1.2258E+00  2.3666E+00  3.2989E+02  1.4200E+00  9.9625E-01  9.7869E-02
             1.0829E-02  1.0484E+00  9.0034E-01  8.8639E-02  8.2101E-03  9.3029E-01  9.6050E-01  1.0621E-01  7.2674E-03  1.0052E+00
             8.0841E-01  1.0797E-01  7.0785E-03  9.4853E-01  8.8911E-11  1.7900E-05  8.3188E-09  3.7942E-02  1.1557E-01  6.7583E-02
             1.9109E-09  3.2969E-02
 PARAMETER:  8.9211E-02  1.0396E-01  5.6788E-01  1.3277E-01  8.8475E-02  1.1129E-01  5.7087E-01  1.2859E-01  1.0933E-01  1.0070E-01
            -3.2714E-01  7.9618E-02  1.1492E-01  8.6983E-02 -5.0269E-01  6.8564E-02  1.1310E-01  1.0193E-01 -6.8919E-01  7.5580E-02
             1.2303E-01  8.1369E-02 -8.9263E-01  4.7155E-02 -4.1385E+00 -9.8684E+00 -1.9628E+00  8.8816E-02  1.0683E-01 -6.6033E-02
            -3.8427E+00  1.0104E-01
 GRADIENT:  -3.1002E-03  1.9705E-03 -1.7732E-03  1.7499E-03 -3.3431E-04 -4.1329E-03 -5.2005E-03  1.9515E-03  2.7153E-03 -1.4976E-03
            -2.2724E-03  1.2400E-03  2.7835E-03 -2.0301E-03 -1.1664E-03 -9.3293E-04 -1.0210E-03  1.1782E-03 -4.1067E-06  6.2665E-04
            -6.3254E-03 -2.2316E-03 -2.2166E-04  7.2620E-04  2.1012E-08  0.0000E+00  2.3026E-05 -4.5361E-03  2.7040E-03 -1.0852E-03
             1.1625E-06  4.4913E-03

0ITERATION NO.:  120    OBJECTIVE VALUE:  -5435.84388819536        NO. OF FUNC. EVALS.: 336
 CUMULATIVE NO. OF FUNC. EVALS.:     4760
 NPARAMETR:  1.0088E+00  1.1946E+00  1.8678E+00  1.0644E+00  1.2260E+00  2.3655E+00  3.2952E+02  1.4197E+00  9.9742E-01  9.8018E-02
             1.0847E-02  1.0489E+00  9.0134E-01  8.8776E-02  8.2292E-03  9.3090E-01  9.6147E-01  1.0638E-01  7.2886E-03  1.0058E+00
             8.0922E-01  1.0815E-01  7.1023E-03  9.4931E-01  8.8906E-11  1.7900E-05  2.8986E-10  3.7942E-02  1.1551E-01  6.7514E-02
             5.0800E-10  3.2969E-02
 PARAMETER:  8.8998E-02  1.0388E-01  5.6776E-01  1.3288E-01  8.8613E-02  1.1083E-01  5.6975E-01  1.2839E-01  1.1050E-01  1.0222E-01
            -3.2550E-01  8.0112E-02  1.1604E-01  8.8526E-02 -5.0036E-01  6.9217E-02  1.1411E-01  1.0357E-01 -6.8628E-01  7.6262E-02
             1.2404E-01  8.3038E-02 -8.8928E-01  4.7983E-02 -4.1385E+00 -1.4276E+01 -3.6413E+00  8.8823E-02  1.0657E-01 -6.6543E-02
            -7.0371E+00  1.0105E-01
 GRADIENT:  -2.3257E-04  1.2222E-03  2.8986E-04  2.8417E-04  6.2430E-04 -1.8876E-03 -1.5413E-03  1.0002E-03  1.8904E-03 -4.0046E-04
            -4.1934E-04  6.8148E-05  1.5540E-03 -8.2374E-04 -9.3716E-05 -6.5541E-04  4.2201E-04  6.2251E-04  6.1334E-04 -2.0712E-04
            -2.6622E-03 -9.6220E-04  4.1973E-04  3.1504E-04  2.1042E-08  0.0000E+00  8.0267E-07 -2.2509E-03  1.2391E-03 -2.4844E-04
             0.0000E+00  2.0378E-03

0ITERATION NO.:  125    OBJECTIVE VALUE:  -5435.84388858627        NO. OF FUNC. EVALS.: 383
 CUMULATIVE NO. OF FUNC. EVALS.:     5143
 NPARAMETR:  1.0088E+00  1.1946E+00  1.8678E+00  1.0644E+00  1.2260E+00  2.3655E+00  3.2952E+02  1.4197E+00  9.9741E-01  9.8018E-02
             1.0847E-02  1.0489E+00  9.0134E-01  8.8776E-02  8.2292E-03  9.3090E-01  9.6147E-01  1.0638E-01  7.2885E-03  1.0058E+00
             8.0923E-01  1.0815E-01  7.1022E-03  9.4931E-01  8.8903E-11  1.7900E-05  5.1500E-11  3.7943E-02  1.1551E-01  6.7515E-02
             5.0800E-10  3.2969E-02
 PARAMETER:  8.9000E-02  1.0386E-01  5.6776E-01  1.3288E-01  8.8613E-02  1.1084E-01  5.6976E-01  1.2839E-01  1.1049E-01  1.0223E-01
            -3.2550E-01  8.0114E-02  1.1604E-01  8.8534E-02 -5.0036E-01  6.9220E-02  1.1411E-01  1.0357E-01 -6.8628E-01  7.6262E-02
             1.2405E-01  8.3047E-02 -8.8928E-01  4.7983E-02 -4.1385E+00 -1.6802E+01 -4.6029E+00  8.8837E-02  1.0656E-01 -6.6536E-02
            -8.8671E+00  1.0105E-01
 GRADIENT:   3.8329E-04 -4.0898E-05 -7.9533E-05  2.9858E-04  1.6084E-04  5.2359E-04  6.1459E-04 -1.8727E-04 -5.9297E-04  3.7124E-04
             7.3163E-05  1.2251E-04 -2.6285E-04  1.7083E-04 -7.3109E-05  4.2374E-04 -2.6522E-04 -2.8988E-04 -1.6371E-04  2.3416E-04
             7.4238E-04  3.2328E-04 -1.5812E-04  2.6874E-04  2.1041E-08  0.0000E+00  0.0000E+00  3.3854E-04 -4.0022E-04  8.6908E-05
             0.0000E+00 -4.3040E-04

0ITERATION NO.:  128    OBJECTIVE VALUE:  -5435.84388863050        NO. OF FUNC. EVALS.: 202
 CUMULATIVE NO. OF FUNC. EVALS.:     5345
 NPARAMETR:  1.0088E+00  1.1946E+00  1.8678E+00  1.0644E+00  1.2260E+00  2.3655E+00  3.2952E+02  1.4197E+00  9.9741E-01  9.8018E-02
             1.0847E-02  1.0489E+00  9.0134E-01  8.8776E-02  8.2292E-03  9.3090E-01  9.6147E-01  1.0638E-01  7.2886E-03  1.0058E+00
             8.0923E-01  1.0815E-01  7.1022E-03  9.4931E-01  8.8903E-11  1.7900E-05  5.1500E-11  3.7943E-02  1.1551E-01  6.7515E-02
             5.0800E-10  3.2969E-02
 PARAMETER:  8.8999E-02  1.0387E-01  5.6776E-01  1.3288E-01  8.8612E-02  1.1084E-01  5.6976E-01  1.2839E-01  1.1050E-01  1.0223E-01
            -3.2550E-01  8.0113E-02  1.1604E-01  8.8533E-02 -5.0036E-01  6.9220E-02  1.1411E-01  1.0357E-01 -6.8628E-01  7.6262E-02
             1.2405E-01  8.3045E-02 -8.8928E-01  4.7983E-02 -4.1385E+00 -1.6843E+01 -4.6188E+00  8.8835E-02  1.0656E-01 -6.6538E-02
            -8.8975E+00  1.0105E-01
 GRADIENT:   7.0486E-07  2.4430E-06  5.1429E-06 -4.5002E-06 -2.1873E-06  1.1303E-05  1.3560E-06 -5.0898E-06  3.2965E-06  2.3443E-06
             3.2175E-06 -2.0327E-06 -3.7935E-06  9.0949E-07 -1.6968E-06  1.0778E-06 -2.0046E-06  9.8306E-06  2.3119E-06 -6.1391E-06
            -2.5662E-07 -3.7062E-06 -1.6098E-06  2.4284E-06  2.1041E-08  0.0000E+00  0.0000E+00  4.5355E-07  5.9097E-07 -2.1191E-06
             0.0000E+00 -5.7605E-07

 #TERM:
0MINIMIZATION SUCCESSFUL
 NO. OF FUNCTION EVALUATIONS USED:     5345
 NO. OF SIG. DIGITS IN FINAL EST.:  5.6
0PARAMETER ESTIMATE IS NEAR ITS BOUNDARY

 ETABAR IS THE ARITHMETIC MEAN OF THE ETA-ESTIMATES,
 AND THE P-VALUE IS GIVEN FOR THE NULL HYPOTHESIS THAT THE TRUE MEAN IS 0.

 ETABAR:         0.0000E+00 -2.5438E-13 -3.8616E-06  1.7135E-10 -6.6359E-02 -2.5777E-02  3.9028E-02  5.6718E-02 -2.6840E-01  3.5538E-04
                 2.7920E-01 -1.1481E-02 -1.4384E-01  4.8695E-02  8.7371E-02 -6.7908E-03 -1.0358E-10  7.7188E-10 -1.2413E-10  1.1460E-09
 SE:             0.0000E+00  1.0193E-10  1.6910E-05  9.7247E-11  4.8089E-02  4.9111E-02  3.7084E-02  3.1753E-02  5.7798E-02  7.4660E-02
                 6.9915E-02  2.2611E-02  4.6684E-02  3.6892E-02  5.2416E-02  2.6883E-02  7.3596E-10  5.7522E-10  8.2004E-10  5.0946E-10
 N:                      16          16          16          16          16          16          16          16          16          16
                         16          16          16          16          16          16          16          16          16          16

 P VAL.:         1.0000E+00  9.9801E-01  8.1937E-01  7.8066E-02  1.6761E-01  5.9967E-01  2.9260E-01  7.4057E-02  3.4246E-06  9.9620E-01
                 6.5172E-05  6.1162E-01  2.0621E-03  1.8685E-01  9.5535E-02  8.0057E-01  8.8808E-01  1.7963E-01  8.7969E-01  2.4479E-02

 ETASHRINKSD(%)  0.0000E+00  9.9996E+01  9.8349E+01  9.9994E+01  1.0000E-10  1.0000E-10  2.1351E+01  3.2658E+01  2.9744E+01  9.2470E+00
                 1.5015E+01  7.2515E+01  2.5776E+01  4.1345E+01  1.6663E+01  5.7259E+01  9.9987E+01  9.9989E+01  9.9985E+01  9.9991E+01
 ETASHRINKVR(%)  0.0000E+00  1.0000E+02  9.9973E+01  1.0000E+02  1.0000E-10  1.0000E-10  3.8144E+01  5.4651E+01  5.0641E+01  1.7639E+01
                 2.7775E+01  9.2446E+01  4.4909E+01  6.5596E+01  3.0550E+01  8.1732E+01  1.0000E+02  1.0000E+02  1.0000E+02  1.0000E+02
 EBVSHRINKSD(%)  0.0000E+00  9.9995E+01  9.7624E+01  9.9992E+01  3.4990E+00  3.3525E+00  3.3602E+00  3.2338E+01  3.1719E+00  3.1961E+00
                 3.3691E+00  3.1095E+01  1.8375E+01  2.3239E+01  2.6192E+01  4.2623E+01  9.9986E+01  9.9987E+01  9.9989E+01  9.9988E+01
 EBVSHRINKVR(%)  0.0000E+00  1.0000E+02  9.9944E+01  1.0000E+02  6.8756E+00  6.5926E+00  6.6076E+00  5.4218E+01  6.2432E+00  6.2900E+00
                 6.6247E+00  5.2521E+01  3.3374E+01  4.1077E+01  4.5524E+01  6.7079E+01  1.0000E+02  1.0000E+02  1.0000E+02  1.0000E+02
 RELATIVEINF(%)  0.0000E+00  1.0000E-10  0.0000E+00  0.0000E+00  9.0135E+01  9.0483E+01  9.0320E+01  4.3165E+01  1.0000E-10  1.0000E-10
                 1.0000E-10  1.0000E-10  0.0000E+00  0.0000E+00  0.0000E+00  0.0000E+00  0.0000E+00  0.0000E+00  0.0000E+00  0.0000E+00
 EPSSHRINKSD(%)  4.3908E+00  1.0000E+02
 EPSSHRINKVR(%)  8.5888E+00  1.0000E+02

  
 TOTAL DATA POINTS NORMALLY DISTRIBUTED (N):         1512
 N*LOG(2PI) CONSTANT TO OBJECTIVE FUNCTION:    2778.8701244109302     
 OBJECTIVE FUNCTION VALUE WITHOUT CONSTANT:   -5435.8438886305012     
 OBJECTIVE FUNCTION VALUE WITH CONSTANT:      -2656.9737642195710     
 REPORTED OBJECTIVE FUNCTION DOES NOT CONTAIN CONSTANT
  
 TOTAL EFFECTIVE ETAS (NIND*NETA):                           272
  
 #TERE:
 Elapsed estimation  time in seconds:   886.36
0R MATRIX ALGORITHMICALLY SINGULAR
 AND ALGORITHMICALLY NON-POSITIVE-SEMIDEFINITE
0R MATRIX IS OUTPUT
0COVARIANCE STEP ABORTED
 Elapsed covariance  time in seconds:   272.22
 Elapsed postprocess time in seconds:     0.95
1
 
 
 
 
 
 
 
 
 
 
 
 
 
 
 
 
 
 
 
 
 ************************************************************************************************************************
 ********************                                                                                ********************
 ********************               FIRST ORDER CONDITIONAL ESTIMATION WITH INTERACTION              ********************
 #OBJT:**************                       MINIMUM VALUE OF OBJECTIVE FUNCTION                      ********************
 ********************                                                                                ********************
 ************************************************************************************************************************
 





 #OBJV:********************************************    -5435.844       **************************************************
1
 ************************************************************************************************************************
 ********************                                                                                ********************
 ********************               FIRST ORDER CONDITIONAL ESTIMATION WITH INTERACTION              ********************
 ********************                             FINAL PARAMETER ESTIMATE                           ********************
 ********************                                                                                ********************
 ************************************************************************************************************************
 


 THETA - VECTOR OF FIXED EFFECTS PARAMETERS   *********


         TH   1    TH   2    TH   3    TH   4    TH   5    TH   6    TH   7    TH   8    TH   9    TH  10    TH  11    TH  12   
          TH  13    TH  14    TH  15    TH  16    TH  17    TH  18    TH  19    TH  20    TH  21    TH  22    TH  23    TH  24   
         TH  25    TH  26    TH  27    TH  28    TH  29    TH  30    TH  31    TH  32   
 
         1.00E+00  1.00E+00  1.00E+00  1.00E+00  1.01E+00  1.19E+00  1.87E+00  1.06E+00  1.00E+00  1.00E+00  1.00E+00  1.00E+00
          1.23E+00  2.37E+00  3.30E+02  1.42E+00  9.97E-01  9.80E-02  1.08E-02  1.05E+00  9.01E-01  8.88E-02  8.23E-03  9.31E-01
         9.61E-01  1.06E-01  7.29E-03  1.01E+00  8.09E-01  1.08E-01  7.10E-03  9.49E-01
 


 OMEGA - COV MATRIX FOR RANDOM EFFECTS - ETAS  ********


         ETA1      ETA2      ETA3      ETA4      ETA5      ETA6      ETA7      ETA8      ETA9      ET10      ET11      ET12     
          ET13      ET14      ET15      ET16      ET17      ET18      ET19      ET20     
 
 ETA1
+        0.00E+00
 
 ETA2
+        0.00E+00  8.89E-11
 
 ETA3
+        0.00E+00  0.00E+00  1.79E-05
 
 ETA4
+        0.00E+00  0.00E+00  0.00E+00  5.15E-11
 
 ETA5
+        0.00E+00  0.00E+00  0.00E+00  0.00E+00  3.79E-02
 
 ETA6
+        0.00E+00  0.00E+00  0.00E+00  0.00E+00  0.00E+00  3.79E-02
 
 ETA7
+        0.00E+00  0.00E+00  0.00E+00  0.00E+00  0.00E+00  0.00E+00  3.79E-02
 
 ETA8
+        0.00E+00  0.00E+00  0.00E+00  0.00E+00  0.00E+00  0.00E+00  0.00E+00  3.79E-02
 
 ETA9
+        0.00E+00  0.00E+00  0.00E+00  0.00E+00  0.00E+00  0.00E+00  0.00E+00  0.00E+00  1.16E-01
 
 ET10
+        0.00E+00  0.00E+00  0.00E+00  0.00E+00  0.00E+00  0.00E+00  0.00E+00  0.00E+00  0.00E+00  1.16E-01
 
 ET11
+        0.00E+00  0.00E+00  0.00E+00  0.00E+00  0.00E+00  0.00E+00  0.00E+00  0.00E+00  0.00E+00  0.00E+00  1.16E-01
 
 ET12
+        0.00E+00  0.00E+00  0.00E+00  0.00E+00  0.00E+00  0.00E+00  0.00E+00  0.00E+00  0.00E+00  0.00E+00  0.00E+00  1.16E-01
 
 ET13
+        0.00E+00  0.00E+00  0.00E+00  0.00E+00  0.00E+00  0.00E+00  0.00E+00  0.00E+00  0.00E+00  0.00E+00  0.00E+00  0.00E+00
          6.75E-02
 
 ET14
+        0.00E+00  0.00E+00  0.00E+00  0.00E+00  0.00E+00  0.00E+00  0.00E+00  0.00E+00  0.00E+00  0.00E+00  0.00E+00  0.00E+00
          0.00E+00  6.75E-02
 
1

         ETA1      ETA2      ETA3      ETA4      ETA5      ETA6      ETA7      ETA8      ETA9      ET10      ET11      ET12     
          ET13      ET14      ET15      ET16      ET17      ET18      ET19      ET20     
 
 ET15
+        0.00E+00  0.00E+00  0.00E+00  0.00E+00  0.00E+00  0.00E+00  0.00E+00  0.00E+00  0.00E+00  0.00E+00  0.00E+00  0.00E+00
          0.00E+00  0.00E+00  6.75E-02
 
 ET16
+        0.00E+00  0.00E+00  0.00E+00  0.00E+00  0.00E+00  0.00E+00  0.00E+00  0.00E+00  0.00E+00  0.00E+00  0.00E+00  0.00E+00
          0.00E+00  0.00E+00  0.00E+00  6.75E-02
 
 ET17
+        0.00E+00  0.00E+00  0.00E+00  0.00E+00  0.00E+00  0.00E+00  0.00E+00  0.00E+00  0.00E+00  0.00E+00  0.00E+00  0.00E+00
          0.00E+00  0.00E+00  0.00E+00  0.00E+00  5.08E-10
 
 ET18
+        0.00E+00  0.00E+00  0.00E+00  0.00E+00  0.00E+00  0.00E+00  0.00E+00  0.00E+00  0.00E+00  0.00E+00  0.00E+00  0.00E+00
          0.00E+00  0.00E+00  0.00E+00  0.00E+00  0.00E+00  5.08E-10
 
 ET19
+        0.00E+00  0.00E+00  0.00E+00  0.00E+00  0.00E+00  0.00E+00  0.00E+00  0.00E+00  0.00E+00  0.00E+00  0.00E+00  0.00E+00
          0.00E+00  0.00E+00  0.00E+00  0.00E+00  0.00E+00  0.00E+00  5.08E-10
 
 ET20
+        0.00E+00  0.00E+00  0.00E+00  0.00E+00  0.00E+00  0.00E+00  0.00E+00  0.00E+00  0.00E+00  0.00E+00  0.00E+00  0.00E+00
          0.00E+00  0.00E+00  0.00E+00  0.00E+00  0.00E+00  0.00E+00  0.00E+00  5.08E-10
 


 SIGMA - COV MATRIX FOR RANDOM EFFECTS - EPSILONS  ****


         EPS1      EPS2     
 
 EPS1
+        3.30E-02
 
 EPS2
+        0.00E+00  0.00E+00
 
1


 OMEGA - CORR MATRIX FOR RANDOM EFFECTS - ETAS  *******


         ETA1      ETA2      ETA3      ETA4      ETA5      ETA6      ETA7      ETA8      ETA9      ET10      ET11      ET12     
          ET13      ET14      ET15      ET16      ET17      ET18      ET19      ET20     
 
 ETA1
+        0.00E+00
 
 ETA2
+        0.00E+00  9.43E-06
 
 ETA3
+        0.00E+00  0.00E+00  4.23E-03
 
 ETA4
+        0.00E+00  0.00E+00  0.00E+00  7.18E-06
 
 ETA5
+        0.00E+00  0.00E+00  0.00E+00  0.00E+00  1.95E-01
 
 ETA6
+        0.00E+00  0.00E+00  0.00E+00  0.00E+00  0.00E+00  1.95E-01
 
 ETA7
+        0.00E+00  0.00E+00  0.00E+00  0.00E+00  0.00E+00  0.00E+00  1.95E-01
 
 ETA8
+        0.00E+00  0.00E+00  0.00E+00  0.00E+00  0.00E+00  0.00E+00  0.00E+00  1.95E-01
 
 ETA9
+        0.00E+00  0.00E+00  0.00E+00  0.00E+00  0.00E+00  0.00E+00  0.00E+00  0.00E+00  3.40E-01
 
 ET10
+        0.00E+00  0.00E+00  0.00E+00  0.00E+00  0.00E+00  0.00E+00  0.00E+00  0.00E+00  0.00E+00  3.40E-01
 
 ET11
+        0.00E+00  0.00E+00  0.00E+00  0.00E+00  0.00E+00  0.00E+00  0.00E+00  0.00E+00  0.00E+00  0.00E+00  3.40E-01
 
 ET12
+        0.00E+00  0.00E+00  0.00E+00  0.00E+00  0.00E+00  0.00E+00  0.00E+00  0.00E+00  0.00E+00  0.00E+00  0.00E+00  3.40E-01
 
 ET13
+        0.00E+00  0.00E+00  0.00E+00  0.00E+00  0.00E+00  0.00E+00  0.00E+00  0.00E+00  0.00E+00  0.00E+00  0.00E+00  0.00E+00
          2.60E-01
 
 ET14
+        0.00E+00  0.00E+00  0.00E+00  0.00E+00  0.00E+00  0.00E+00  0.00E+00  0.00E+00  0.00E+00  0.00E+00  0.00E+00  0.00E+00
          0.00E+00  2.60E-01
 
 ET15
+        0.00E+00  0.00E+00  0.00E+00  0.00E+00  0.00E+00  0.00E+00  0.00E+00  0.00E+00  0.00E+00  0.00E+00  0.00E+00  0.00E+00
          0.00E+00  0.00E+00  2.60E-01
 
 ET16
+        0.00E+00  0.00E+00  0.00E+00  0.00E+00  0.00E+00  0.00E+00  0.00E+00  0.00E+00  0.00E+00  0.00E+00  0.00E+00  0.00E+00
          0.00E+00  0.00E+00  0.00E+00  2.60E-01
 
 ET17
+        0.00E+00  0.00E+00  0.00E+00  0.00E+00  0.00E+00  0.00E+00  0.00E+00  0.00E+00  0.00E+00  0.00E+00  0.00E+00  0.00E+00
          0.00E+00  0.00E+00  0.00E+00  0.00E+00  2.25E-05
 
 ET18
+        0.00E+00  0.00E+00  0.00E+00  0.00E+00  0.00E+00  0.00E+00  0.00E+00  0.00E+00  0.00E+00  0.00E+00  0.00E+00  0.00E+00
          0.00E+00  0.00E+00  0.00E+00  0.00E+00  0.00E+00  2.25E-05
 
 ET19
+        0.00E+00  0.00E+00  0.00E+00  0.00E+00  0.00E+00  0.00E+00  0.00E+00  0.00E+00  0.00E+00  0.00E+00  0.00E+00  0.00E+00
          0.00E+00  0.00E+00  0.00E+00  0.00E+00  0.00E+00  0.00E+00  2.25E-05
 
 ET20
+        0.00E+00  0.00E+00  0.00E+00  0.00E+00  0.00E+00  0.00E+00  0.00E+00  0.00E+00  0.00E+00  0.00E+00  0.00E+00  0.00E+00
          0.00E+00  0.00E+00  0.00E+00  0.00E+00  0.00E+00  0.00E+00  0.00E+00  2.25E-05
 


 SIGMA - CORR MATRIX FOR RANDOM EFFECTS - EPSILONS  ***

1

         EPS1      EPS2     
 
 EPS1
+        1.82E-01
 
 EPS2
+        0.00E+00  0.00E+00
 
1
 ************************************************************************************************************************
 ********************                                                                                ********************
 ********************               FIRST ORDER CONDITIONAL ESTIMATION WITH INTERACTION              ********************
 ********************                                     R MATRIX                                   ********************
 ********************                                                                                ********************
 ************************************************************************************************************************
 

   TH   5 | TH   5  TH   6 | TH   5  TH   6 | TH   6  TH   7 | TH   5  TH   7 | TH   6  TH   7 | TH   7  TH   8 | TH   5
     6.80E+02        -5.98E-01         1.59E+02         2.19E+01         1.14E+01         6.64E+01         7.26E+01

   TH   8 | TH   6  TH   8 | TH   7  TH   8 | TH   8  TH  13 | TH   5  TH  13 | TH   6  TH  13 | TH   7  TH  13 | TH   8
    -9.41E+01        -7.08E+01         7.68E+02         2.44E+02         9.26E-02         5.09E+00         1.25E+01

   TH  13 | TH  13  TH  14 | TH   5  TH  14 | TH   6  TH  14 | TH   7  TH  14 | TH   8  TH  14 | TH  13  TH  14 | TH  14
     4.00E+02         1.97E-02         3.35E+01         3.39E+00        -1.51E+01        -1.60E-01         3.43E+01

   TH  15 | TH   5  TH  15 | TH   6  TH  15 | TH   7  TH  15 | TH   8  TH  15 | TH  13  TH  15 | TH  14  TH  15 | TH  15
     3.48E-02         3.77E-02         1.33E-01        -4.02E-03         6.31E-02         3.26E-02         1.80E-03

   TH  16 | TH   5  TH  16 | TH   6  TH  16 | TH   7  TH  16 | TH   8  TH  16 | TH  13  TH  16 | TH  14  TH  16 | TH  15
     1.10E+01        -2.26E+01        -5.09E-01         6.28E+01         2.32E+01        -2.70E+01        -6.27E-02

   TH  16 | TH  16  TH  17 | TH   5  TH  17 | TH   6  TH  17 | TH   7  TH  17 | TH   8  TH  17 | TH  13  TH  17 | TH  14
     1.98E+02         1.72E+02        -4.20E-01         5.04E+00         1.71E+01         1.23E+02        -1.64E-01

   TH  17 | TH  15  TH  17 | TH  16  TH  17 | TH  17  TH  18 | TH   5  TH  18 | TH   6  TH  18 | TH   7  TH  18 | TH   8
     1.75E-02         6.74E+00         3.48E+02        -1.39E+00         4.69E+02         3.74E+01        -3.26E+02

   TH  18 | TH  13  TH  18 | TH  14  TH  18 | TH  15  TH  18 | TH  16  TH  18 | TH  17  TH  18 | TH  18  TH  19 | TH   5
    -3.58E+00         2.01E+02         2.11E-01        -1.88E+02        -3.11E+00         1.18E+04         8.60E+02

   TH  19 | TH   6  TH  19 | TH   7  TH  19 | TH   8  TH  19 | TH  13  TH  19 | TH  14  TH  19 | TH  15  TH  19 | TH  16
     5.22E+02         3.26E+03        -2.69E+03         4.34E+02         2.62E+02         1.58E+01        -5.46E+02

   TH  19 | TH  17  TH  19 | TH  18  TH  19 | TH  19  TH  20 | TH   5  TH  20 | TH   6  TH  20 | TH   7  TH  20 | TH   8
     1.88E+03         1.12E+04         1.14E+06         1.74E+01        -2.69E+01        -1.59E+01         1.91E+02

   TH  20 | TH  13  TH  20 | TH  14  TH  20 | TH  15  TH  20 | TH  16  TH  20 | TH  17  TH  20 | TH  18  TH  20 | TH  19
     8.13E+00        -1.07E+01        -2.44E-02         8.41E+01         3.82E+01        -6.55E+02        -6.66E+03

   TH  20 | TH  20  TH  21 | TH   5  TH  21 | TH   6  TH  21 | TH   7  TH  21 | TH   8  TH  21 | TH  13  TH  21 | TH  14
     4.57E+02         1.90E+02        -2.82E-01         6.35E+00         2.21E+01         1.36E+02        -1.28E-01

   TH  21 | TH  15  TH  21 | TH  16  TH  21 | TH  17  TH  21 | TH  18  TH  21 | TH  19  TH  21 | TH  20  TH  21 | TH  21
     2.26E-02         8.50E+00        -9.86E-06         1.08E-04         0.00E+00         0.00E+00         4.22E+02

   TH  22 | TH   5  TH  22 | TH   6  TH  22 | TH   7  TH  22 | TH   8  TH  22 | TH  13  TH  22 | TH  14  TH  22 | TH  15
    -2.72E+00         5.29E+02         4.25E+01        -3.61E+02        -1.38E+00         2.27E+02         2.32E-01

   TH  22 | TH  16  TH  22 | TH  17  TH  22 | TH  18  TH  22 | TH  19  TH  22 | TH  20  TH  22 | TH  21  TH  22 | TH  22
    -2.03E+02         0.00E+00         0.00E+00         0.00E+00         1.22E-04        -7.50E+00         1.43E+04

   TH  23 | TH   5  TH  23 | TH   6  TH  23 | TH   7  TH  23 | TH   8  TH  23 | TH  13  TH  23 | TH  14  TH  23 | TH  15
     1.29E+03         7.19E+02         3.66E+03        -4.36E+03         6.65E+02         3.49E+02         1.74E+01

   TH  23 | TH  16  TH  23 | TH  17  TH  23 | TH  18  TH  23 | TH  19  TH  23 | TH  20  TH  23 | TH  21  TH  23 | TH  22
    -5.51E+02         0.00E+00         2.76E-03         0.00E+00        -2.63E-04         3.15E+03         1.70E+04

   TH  23 | TH  23  TH  24 | TH   5  TH  24 | TH   6  TH  24 | TH   7  TH  24 | TH   8  TH  24 | TH  13  TH  24 | TH  14
     1.78E+06         2.27E+01        -3.07E+01        -2.20E+01         2.17E+02         9.75E+00        -1.15E+01

   TH  24 | TH  15  TH  24 | TH  16  TH  24 | TH  17  TH  24 | TH  18  TH  24 | TH  19  TH  24 | TH  20  TH  24 | TH  21
    -2.11E-02         8.26E+01         0.00E+00        -1.22E-04         0.00E+00         0.00E+00         5.32E+01

   TH  24 | TH  22  TH  24 | TH  23  TH  24 | TH  24  TH  25 | TH   5  TH  25 | TH   6  TH  25 | TH   7  TH  25 | TH   8
    -8.72E+02        -1.14E+04         6.12E+02         1.77E+02        -1.37E-01         5.68E+00         1.93E+01

   TH  25 | TH  13  TH  25 | TH  14  TH  25 | TH  15  TH  25 | TH  16  TH  25 | TH  17  TH  25 | TH  18  TH  25 | TH  19
     1.27E+02        -2.30E-02         1.95E-02         7.40E+00         0.00E+00         0.00E+00         0.00E+00

   TH  25 | TH  20  TH  25 | TH  21  TH  25 | TH  22  TH  25 | TH  23  TH  25 | TH  24  TH  25 | TH  25  TH  26 | TH   5
     0.00E+00         0.00E+00         0.00E+00         0.00E+00         0.00E+00         3.71E+02        -1.16E+00

   TH  26 | TH   6  TH  26 | TH   7  TH  26 | TH   8  TH  26 | TH  13  TH  26 | TH  14  TH  26 | TH  15  TH  26 | TH  16
     4.48E+02         2.88E+01        -2.25E+02        -5.60E-01         1.91E+02         1.74E-01        -1.25E+02

   TH  26 | TH  17  TH  26 | TH  18  TH  26 | TH  19  TH  26 | TH  20  TH  26 | TH  21  TH  26 | TH  22  TH  26 | TH  23
     9.36E-05        -1.03E-03         0.00E+00         9.84E-05         0.00E+00         0.00E+00         0.00E+00

   TH  26 | TH  24  TH  26 | TH  25  TH  26 | TH  26  TH  27 | TH   5  TH  27 | TH   6  TH  27 | TH   7  TH  27 | TH   8
    -1.11E-04        -3.61E+00         1.01E+04         1.38E+03         6.56E+02         4.33E+03        -5.28E+03

   TH  27 | TH  13  TH  27 | TH  14  TH  27 | TH  15  TH  27 | TH  16  TH  27 | TH  17  TH  27 | TH  18  TH  27 | TH  19
     6.88E+02         3.52E+02         2.06E+01        -1.17E+03         0.00E+00         0.00E+00        -6.44E-03

   TH  27 | TH  20  TH  27 | TH  21  TH  27 | TH  22  TH  27 | TH  23  TH  27 | TH  24  TH  27 | TH  25  TH  27 | TH  26
    -2.17E-04         0.00E+00         0.00E+00         0.00E+00        -2.44E-04         3.22E+03         1.35E+04

   TH  27 | TH  27  TH  28 | TH   5  TH  28 | TH   6  TH  28 | TH   7  TH  28 | TH   8  TH  28 | TH  13  TH  28 | TH  14
     2.32E+06         1.94E+01        -2.12E+01        -2.18E+01         2.32E+02         8.19E+00        -7.94E+00

   TH  28 | TH  15  TH  28 | TH  16  TH  28 | TH  17  TH  28 | TH  18  TH  28 | TH  19  TH  28 | TH  20  TH  28 | TH  21
    -3.64E-02         6.47E+01        -1.03E-05         0.00E+00         0.00E+00         0.00E+00         0.00E+00

   TH  28 | TH  22  TH  28 | TH  23  TH  28 | TH  24  TH  28 | TH  25  TH  28 | TH  26  TH  28 | TH  27  TH  28 | TH  28
     0.00E+00         0.00E+00         0.00E+00         4.31E+01        -4.95E+02        -1.20E+04         5.12E+02

   TH  29 | TH   5  TH  29 | TH   6  TH  29 | TH   7  TH  29 | TH   8  TH  29 | TH  13  TH  29 | TH  14  TH  29 | TH  15
     2.11E+02        -3.85E-01         7.29E+00         2.17E+01         1.51E+02        -1.12E-01         2.58E-02

   TH  29 | TH  16  TH  29 | TH  17  TH  29 | TH  18  TH  29 | TH  19  TH  29 | TH  20  TH  29 | TH  21  TH  29 | TH  22
     8.08E+00         0.00E+00         0.00E+00         0.00E+00         0.00E+00         0.00E+00        -1.28E-04

   TH  29 | TH  23  TH  29 | TH  24  TH  29 | TH  25  TH  29 | TH  26  TH  29 | TH  27  TH  29 | TH  28  TH  29 | TH  29
     0.00E+00         0.00E+00         0.00E+00         0.00E+00         0.00E+00         0.00E+00         5.22E+02

   TH  30 | TH   5  TH  30 | TH   6  TH  30 | TH   7  TH  30 | TH   8  TH  30 | TH  13  TH  30 | TH  14  TH  30 | TH  15
    -1.99E+00         4.44E+02         2.83E+01        -2.27E+02        -6.91E-01         1.90E+02         1.59E-01

   TH  30 | TH  16  TH  30 | TH  17  TH  30 | TH  18  TH  30 | TH  19  TH  30 | TH  20  TH  30 | TH  21  TH  30 | TH  22
    -1.31E+02         0.00E+00         0.00E+00         0.00E+00         0.00E+00         0.00E+00         0.00E+00

   TH  30 | TH  23  TH  30 | TH  24  TH  30 | TH  25  TH  30 | TH  26  TH  30 | TH  27  TH  30 | TH  28  TH  30 | TH  29
     0.00E+00         0.00E+00         0.00E+00         0.00E+00         0.00E+00         0.00E+00         6.30E-01

   TH  30 | TH  30  TH  31 | TH   5  TH  31 | TH   6  TH  31 | TH   7  TH  31 | TH   8  TH  31 | TH  13  TH  31 | TH  14
     9.79E+03         1.54E+03         6.77E+02         3.81E+03        -4.04E+03         7.91E+02         3.38E+02

   TH  31 | TH  15  TH  31 | TH  16  TH  31 | TH  17  TH  31 | TH  18  TH  31 | TH  19  TH  31 | TH  20  TH  31 | TH  21
     1.81E+01        -2.39E+02        -1.63E-04         1.80E-03         0.00E+00         0.00E+00         0.00E+00

   TH  31 | TH  22  TH  31 | TH  23  TH  31 | TH  24  TH  31 | TH  25  TH  31 | TH  26  TH  31 | TH  27  TH  31 | TH  28
     0.00E+00         0.00E+00         1.93E-04         0.00E+00         1.63E-03         0.00E+00         0.00E+00

   TH  31 | TH  29  TH  31 | TH  30  TH  31 | TH  31  TH  32 | TH   5  TH  32 | TH   6  TH  32 | TH   7  TH  32 | TH   8
     4.21E+03         1.36E+04         2.10E+06         1.95E+01        -2.29E+01        -1.72E+01         1.92E+02

   TH  32 | TH  13  TH  32 | TH  14  TH  32 | TH  15  TH  32 | TH  16  TH  32 | TH  17  TH  32 | TH  18  TH  32 | TH  19
     7.91E+00        -8.75E+00        -7.82E-03         5.37E+01         0.00E+00        -1.20E-04         0.00E+00

   TH  32 | TH  20  TH  32 | TH  21  TH  32 | TH  22  TH  32 | TH  23  TH  32 | TH  24  TH  32 | TH  25  TH  32 | TH  26
     1.14E-05         0.00E+00         0.00E+00         0.00E+00         0.00E+00        -1.09E-05         0.00E+00

   TH  32 | TH  27  TH  32 | TH  28  TH  32 | TH  29  TH  32 | TH  30  TH  32 | TH  31  TH  32 | TH  32  OM0202 | TH   5
    -2.39E-04         0.00E+00         5.01E+01        -5.03E+02        -1.04E+04         4.44E+02         3.64E+00

   OM0202 | TH   6  OM0202 | TH   7  OM0202 | TH   8  OM0202 | TH  13  OM0202 | TH  14  OM0202 | TH  15  OM0202 | TH  16
    -1.30E+02         8.91E+00         1.83E+02         2.24E+00        -6.72E-01         4.54E-02         6.32E+01

   OM0202 | TH  17  OM0202 | TH  18  OM0202 | TH  19  OM0202 | TH  20  OM0202 | TH  21  OM0202 | TH  22  OM0202 | TH  23
     2.75E-01         2.15E+02         1.46E+01         2.69E+00         1.60E+00         7.11E+00         6.08E+02

   OM0202 | TH  24  OM0202 | TH  25  OM0202 | TH  26  OM0202 | TH  27  OM0202 | TH  28  OM0202 | TH  29  OM0202 | TH  30
     5.48E+01         6.98E-01        -9.85E-01         2.69E+02         2.27E+01         1.55E+00        -1.60E+02

   OM0202 | TH  31  OM0202 | TH  32  OM0202 | OM0202  OM0303 | TH   5  OM0303 | TH   6  OM0303 | TH   7  OM0303 | TH   8
     4.17E+02         6.04E+01         6.66E+11         0.00E+00         0.00E+00         0.00E+00         0.00E+00

   OM0303 | TH  13  OM0303 | TH  14  OM0303 | TH  15  OM0303 | TH  16  OM0303 | TH  17  OM0303 | TH  18  OM0303 | TH  19
     0.00E+00         0.00E+00         0.00E+00         0.00E+00         0.00E+00         0.00E+00         0.00E+00

   OM0303 | TH  20  OM0303 | TH  21  OM0303 | TH  22  OM0303 | TH  23  OM0303 | TH  24  OM0303 | TH  25  OM0303 | TH  26
     0.00E+00         0.00E+00         0.00E+00         0.00E+00         0.00E+00         0.00E+00         0.00E+00

   OM0303 | TH  27  OM0303 | TH  28  OM0303 | TH  29  OM0303 | TH  30  OM0303 | TH  31  OM0303 | TH  32  OM0303 | OM0202
     0.00E+00         0.00E+00         0.00E+00         0.00E+00         0.00E+00         0.00E+00         0.00E+00

   OM0303 | OM0303  OM0404 | TH   5  OM0404 | TH   6  OM0404 | TH   7  OM0404 | TH   8  OM0404 | TH  13  OM0404 | TH  14
     0.00E+00         0.00E+00         0.00E+00         0.00E+00         0.00E+00         0.00E+00         0.00E+00

   OM0404 | TH  15  OM0404 | TH  16  OM0404 | TH  17  OM0404 | TH  18  OM0404 | TH  19  OM0404 | TH  20  OM0404 | TH  21
     0.00E+00         0.00E+00         0.00E+00         0.00E+00         0.00E+00         0.00E+00         0.00E+00

   OM0404 | TH  22  OM0404 | TH  23  OM0404 | TH  24  OM0404 | TH  25  OM0404 | TH  26  OM0404 | TH  27  OM0404 | TH  28
     0.00E+00         0.00E+00         0.00E+00         0.00E+00         0.00E+00         0.00E+00         0.00E+00

   OM0404 | TH  29  OM0404 | TH  30  OM0404 | TH  31  OM0404 | TH  32  OM0404 | OM0202  OM0404 | OM0303  OM0404 | OM0404
     0.00E+00         0.00E+00         0.00E+00         0.00E+00         0.00E+00         0.00E+00         0.00E+00

   OM0505 | TH   5  OM0505 | TH   6  OM0505 | TH   7  OM0505 | TH   8  OM0505 | TH  13  OM0505 | TH  14  OM0505 | TH  15
     3.88E+00        -9.67E-01        -9.15E-01         1.29E+01         1.89E+00        -1.03E-01        -1.61E-04

   OM0505 | TH  16  OM0505 | TH  17  OM0505 | TH  18  OM0505 | TH  19  OM0505 | TH  20  OM0505 | TH  21  OM0505 | TH  22
     4.71E+00         1.67E-01        -3.31E+00         1.18E+02         5.92E+00        -6.14E+00        -1.35E+00

   OM0505 | TH  23  OM0505 | TH  24  OM0505 | TH  25  OM0505 | TH  26  OM0505 | TH  27  OM0505 | TH  28  OM0505 | TH  29
     9.29E+02         8.76E+00        -4.09E+00        -4.71E+00         8.74E+02         2.77E+01         3.19E+01

   OM0505 | TH  30  OM0505 | TH  31  OM0505 | TH  32  OM0505 | OM0202  OM0505 | OM0303  OM0505 | OM0404  OM0505 | OM0505
    -2.27E+01        -3.76E+03        -1.00E+01         4.09E+04         0.00E+00         0.00E+00         1.66E+04

   OM0909 | TH   5  OM0909 | TH   6  OM0909 | TH   7  OM0909 | TH   8  OM0909 | TH  13  OM0909 | TH  14  OM0909 | TH  15
     2.28E+00        -1.26E+00         6.69E+00         6.77E+01         1.48E+00         8.26E-02         2.51E-02

   OM0909 | TH  16  OM0909 | TH  17  OM0909 | TH  18  OM0909 | TH  19  OM0909 | TH  20  OM0909 | TH  21  OM0909 | TH  22
     3.57E+01         5.78E-01         9.90E+00         3.72E+01         1.96E+01         1.26E+00         1.85E+01

   OM0909 | TH  23  OM0909 | TH  24  OM0909 | TH  25  OM0909 | TH  26  OM0909 | TH  27  OM0909 | TH  28  OM0909 | TH  29
     3.38E+02         4.49E+01         8.55E-01         1.21E+01         4.53E+02         2.24E+01         1.62E+00

   OM0909 | TH  30  OM0909 | TH  31  OM0909 | TH  32  OM0909 | OM0202  OM0909 | OM0303  OM0909 | OM0404  OM0909 | OM0505
     1.95E+01         2.29E+02         4.55E+01         4.77E+05         0.00E+00         0.00E+00        -7.30E+00

   OM0909 | OM0909  OM1313 | TH   5  OM1313 | TH   6  OM1313 | TH   7  OM1313 | TH   8  OM1313 | TH  13  OM1313 | TH  14
     1.86E+03        -3.74E+00         8.70E+00         7.35E-01         1.04E+02        -1.87E+00         5.40E+00

   OM1313 | TH  15  OM1313 | TH  16  OM1313 | TH  17  OM1313 | TH  18  OM1313 | TH  19  OM1313 | TH  20  OM1313 | TH  21
    -3.94E-03         9.37E+01        -2.07E+00         8.69E+01        -5.07E+02         6.38E+01         3.60E+00

   OM1313 | TH  22  OM1313 | TH  23  OM1313 | TH  24  OM1313 | TH  25  OM1313 | TH  26  OM1313 | TH  27  OM1313 | TH  28
     1.55E+00        -7.21E+02         2.23E+01        -4.29E+00         5.91E+01        -2.21E+03         6.33E+01

   OM1313 | TH  29  OM1313 | TH  30  OM1313 | TH  31  OM1313 | TH  32  OM1313 | OM0202  OM1313 | OM0303  OM1313 | OM0404
     8.20E+00        -2.30E+01         4.22E+03         1.95E+01         1.38E+06         0.00E+00         0.00E+00

   OM1313 | OM0505  OM1313 | OM0909  OM1313 | OM1313  OM1717 | TH   5  OM1717 | TH   6  OM1717 | TH   7  OM1717 | TH   8
     5.23E+00         9.18E+01         2.03E+03         0.00E+00         0.00E+00         0.00E+00         0.00E+00

   OM1717 | TH  13  OM1717 | TH  14  OM1717 | TH  15  OM1717 | TH  16  OM1717 | TH  17  OM1717 | TH  18  OM1717 | TH  19
     0.00E+00         0.00E+00         0.00E+00         0.00E+00         0.00E+00         0.00E+00         0.00E+00

   OM1717 | TH  20  OM1717 | TH  21  OM1717 | TH  22  OM1717 | TH  23  OM1717 | TH  24  OM1717 | TH  25  OM1717 | TH  26
     0.00E+00         0.00E+00         0.00E+00         0.00E+00         0.00E+00         0.00E+00         0.00E+00

   OM1717 | TH  27  OM1717 | TH  28  OM1717 | TH  29  OM1717 | TH  30  OM1717 | TH  31  OM1717 | TH  32  OM1717 | OM0202
     0.00E+00         0.00E+00         0.00E+00         0.00E+00         0.00E+00         0.00E+00         0.00E+00

   OM1717 | OM0303  OM1717 | OM0404  OM1717 | OM0505  OM1717 | OM0909  OM1717 | OM1313  OM1717 | OM1717  SG0101 | TH   5
     0.00E+00         0.00E+00         0.00E+00         0.00E+00         0.00E+00         0.00E+00         6.64E+02

   SG0101 | TH   6  SG0101 | TH   7  SG0101 | TH   8  SG0101 | TH  13  SG0101 | TH  14  SG0101 | TH  15  SG0101 | TH  16
     1.60E+02        -2.12E+01         2.32E+02         4.85E+02         6.57E+01        -1.31E-01         8.59E+01

   SG0101 | TH  17  SG0101 | TH  18  SG0101 | TH  19  SG0101 | TH  20  SG0101 | TH  21  SG0101 | TH  22  SG0101 | TH  23
     3.36E+02         8.95E+02         9.83E+02         1.60E+02         3.66E+02         1.10E+03        -1.37E+02

   SG0101 | TH  24  SG0101 | TH  25  SG0101 | TH  26  SG0101 | TH  27  SG0101 | TH  28  SG0101 | TH  29  SG0101 | TH  30
     2.05E+02         3.56E+02         8.38E+02         3.11E+03         1.12E+02         3.63E+02         9.53E+02

   SG0101 | TH  31  SG0101 | TH  32  SG0101 | OM0202  SG0101 | OM0303  SG0101 | OM0404  SG0101 | OM0505  SG0101 | OM0909
    -3.78E+03         1.75E+02         6.08E+08         0.00E+00         0.00E+00         1.56E+03         2.03E+02

   SG0101 | OM1313  SG0101 | OM1717  SG0101 | SG0101  
     2.85E+03         0.00E+00         5.91E+05
 Elapsed finaloutput time in seconds:     0.12
 #CPUT: Total CPU Time in Seconds,     1159.913
Stop Time:
Tue Jun 11 13:54:34 CEST 2024
